2018-10-23 10:19:42,111 [Worker-2] INFO  o.e.m.c.i.l.LifecycleMappingFactory - Using org.eclipse.m2e.jdt.JarLifecycleMapping lifecycle mapping for MavenProject: com.revature:ProjectOne:0.0.1-SNAPSHOT @ /home/cloudera/gender-statistics-analysis-jasonyunjoonpark/ProjectOne/pom.xml.
2018-10-23 10:19:49,993 [Worker-2] INFO  o.e.m.j.i.AbstractJavaProjectConfigurator - Adding source folder /ProjectOne/src/main/java
2018-10-23 10:19:49,996 [Worker-2] INFO  o.e.m.j.i.AbstractJavaProjectConfigurator - Adding resource folder /ProjectOne/src/main/resources
2018-10-23 10:19:49,997 [Worker-2] INFO  o.e.m.j.i.AbstractJavaProjectConfigurator - Adding source folder /ProjectOne/src/test/java
2018-10-23 10:19:49,997 [Worker-2] INFO  o.e.m.j.i.AbstractJavaProjectConfigurator - Adding resource folder /ProjectOne/src/test/resources
2018-10-23 10:19:50,428 [Worker-0] INFO  o.e.m.c.i.l.LifecycleMappingFactory - Using org.eclipse.m2e.jdt.JarLifecycleMapping lifecycle mapping for MavenProject: com.revature:ProjectOne:0.0.1-SNAPSHOT @ /home/cloudera/gender-statistics-analysis-jasonyunjoonpark/ProjectOne/pom.xml.
2018-10-23 10:19:50,917 [Worker-2] INFO  o.e.m.c.i.p.ProjectConfigurationManager - Imported and configured 1 project(s) in 11 sec
2018-10-23 10:19:56,126 [Worker-2] WARN  o.e.m.c.i.embedder.EclipseLogger - Using platform encoding (UTF-8 actually) to copy filtered resources, i.e. build is platform dependent!
2018-10-23 10:19:56,256 [Worker-2] INFO  o.e.m.c.i.embedder.EclipseLogger - Copying 0 resource
2018-10-23 10:19:56,270 [Worker-2] WARN  o.e.m.c.i.embedder.EclipseLogger - Using platform encoding (UTF-8 actually) to copy filtered resources, i.e. build is platform dependent!
2018-10-23 10:19:56,271 [Worker-2] INFO  o.e.m.c.i.embedder.EclipseLogger - Copying 0 resource
2018-10-23 10:19:59,964 [Worker-0] WARN  o.e.m.c.i.embedder.EclipseLogger - Using platform encoding (UTF-8 actually) to copy filtered resources, i.e. build is platform dependent!
2018-10-23 10:19:59,977 [Worker-0] INFO  o.e.m.c.i.embedder.EclipseLogger - Copying 0 resource
2018-10-23 10:19:59,982 [Worker-0] WARN  o.e.m.c.i.embedder.EclipseLogger - Using platform encoding (UTF-8 actually) to copy filtered resources, i.e. build is platform dependent!
2018-10-23 10:19:59,982 [Worker-0] INFO  o.e.m.c.i.embedder.EclipseLogger - Copying 0 resource
2018-10-23 10:44:20,828 [main] INFO  o.e.m2e.actions.ExecutePomAction - Creating new launch configuration
2018-10-23 10:44:36,468 [Worker-14] INFO  o.e.m.i.launch.MavenLaunchDelegate - /home/cloudera/gender-statistics-analysis-jasonyunjoonpark/ProjectOne
2018-10-23 10:44:36,469 [Worker-14] INFO  o.e.m.i.launch.MavenLaunchDelegate -  mvn  -B clean package
2018-10-23 10:48:36,640 [Worker-16] WARN  o.e.m.c.i.embedder.EclipseLogger - Using platform encoding (UTF-8 actually) to copy filtered resources, i.e. build is platform dependent!
2018-10-23 10:48:36,651 [Worker-16] INFO  o.e.m.c.i.embedder.EclipseLogger - Copying 0 resource
2018-10-23 10:48:36,655 [Worker-16] WARN  o.e.m.c.i.embedder.EclipseLogger - Using platform encoding (UTF-8 actually) to copy filtered resources, i.e. build is platform dependent!
2018-10-23 10:48:36,656 [Worker-16] INFO  o.e.m.c.i.embedder.EclipseLogger - Copying 0 resource
2018-10-23 10:53:49,109 [Worker-18] WARN  o.e.m.c.i.embedder.EclipseLogger - Using platform encoding (UTF-8 actually) to copy filtered resources, i.e. build is platform dependent!
2018-10-23 10:53:49,118 [Worker-18] INFO  o.e.m.c.i.embedder.EclipseLogger - Copying 0 resource
2018-10-23 10:53:49,121 [Worker-18] WARN  o.e.m.c.i.embedder.EclipseLogger - Using platform encoding (UTF-8 actually) to copy filtered resources, i.e. build is platform dependent!
2018-10-23 10:53:49,137 [Worker-18] INFO  o.e.m.c.i.embedder.EclipseLogger - Copying 0 resource
2018-10-23 10:54:21,320 [main] INFO  o.e.m2e.actions.ExecutePomAction - Using existing launch configuration
2018-10-23 10:54:21,553 [Worker-13] INFO  o.e.m.i.launch.MavenLaunchDelegate - /home/cloudera/gender-statistics-analysis-jasonyunjoonpark/ProjectOne
2018-10-23 10:54:21,553 [Worker-13] INFO  o.e.m.i.launch.MavenLaunchDelegate -  mvn  -B clean package
2018-10-23 11:02:21,739 [Worker-15] WARN  o.e.m.c.i.embedder.EclipseLogger - Using platform encoding (UTF-8 actually) to copy filtered resources, i.e. build is platform dependent!
2018-10-23 11:02:21,751 [Worker-15] INFO  o.e.m.c.i.embedder.EclipseLogger - Copying 0 resource
2018-10-23 11:02:21,754 [Worker-15] WARN  o.e.m.c.i.embedder.EclipseLogger - Using platform encoding (UTF-8 actually) to copy filtered resources, i.e. build is platform dependent!
2018-10-23 11:02:21,762 [Worker-15] INFO  o.e.m.c.i.embedder.EclipseLogger - Copying 0 resource
2018-10-23 11:02:36,726 [main] INFO  o.e.m2e.actions.ExecutePomAction - Using existing launch configuration
2018-10-23 11:02:36,825 [Worker-20] INFO  o.e.m.i.launch.MavenLaunchDelegate - /home/cloudera/gender-statistics-analysis-jasonyunjoonpark/ProjectOne
2018-10-23 11:02:36,825 [Worker-20] INFO  o.e.m.i.launch.MavenLaunchDelegate -  mvn  -B clean package
2018-10-23 11:07:31,803 [Worker-22] WARN  o.e.m.c.i.embedder.EclipseLogger - Using platform encoding (UTF-8 actually) to copy filtered resources, i.e. build is platform dependent!
2018-10-23 11:07:31,809 [Worker-22] INFO  o.e.m.c.i.embedder.EclipseLogger - Copying 0 resource
2018-10-23 11:07:31,814 [Worker-22] WARN  o.e.m.c.i.embedder.EclipseLogger - Using platform encoding (UTF-8 actually) to copy filtered resources, i.e. build is platform dependent!
2018-10-23 11:07:31,817 [Worker-22] INFO  o.e.m.c.i.embedder.EclipseLogger - Copying 0 resource
2018-10-23 11:07:42,411 [Worker-22] INFO  o.e.m.i.launch.MavenLaunchDelegate - /home/cloudera/gender-statistics-analysis-jasonyunjoonpark/ProjectOne
2018-10-23 11:07:42,411 [Worker-22] INFO  o.e.m.i.launch.MavenLaunchDelegate -  mvn  -B clean package
2018-10-23 11:14:28,860 [Worker-22] WARN  o.e.m.c.i.embedder.EclipseLogger - Using platform encoding (UTF-8 actually) to copy filtered resources, i.e. build is platform dependent!
2018-10-23 11:14:28,866 [Worker-22] INFO  o.e.m.c.i.embedder.EclipseLogger - Copying 0 resource
2018-10-23 11:14:28,868 [Worker-22] WARN  o.e.m.c.i.embedder.EclipseLogger - Using platform encoding (UTF-8 actually) to copy filtered resources, i.e. build is platform dependent!
2018-10-23 11:14:28,870 [Worker-22] INFO  o.e.m.c.i.embedder.EclipseLogger - Copying 0 resource
2018-10-23 11:14:40,961 [Worker-21] INFO  o.e.m.i.launch.MavenLaunchDelegate - /home/cloudera/gender-statistics-analysis-jasonyunjoonpark/ProjectOne
2018-10-23 11:14:40,962 [Worker-21] INFO  o.e.m.i.launch.MavenLaunchDelegate -  mvn  -B clean package
2018-10-23 11:22:44,234 [Worker-28] INFO  o.e.m.i.launch.MavenLaunchDelegate - /home/cloudera/gender-statistics-analysis-jasonyunjoonpark/ProjectOne
2018-10-23 11:22:44,242 [Worker-28] INFO  o.e.m.i.launch.MavenLaunchDelegate -  mvn  -B clean package
2018-10-23 11:22:45,236 [Worker-26] WARN  o.e.m.c.i.embedder.EclipseLogger - Using platform encoding (UTF-8 actually) to copy filtered resources, i.e. build is platform dependent!
2018-10-23 11:22:45,244 [Worker-26] INFO  o.e.m.c.i.embedder.EclipseLogger - Copying 0 resource
2018-10-23 11:22:45,254 [Worker-26] WARN  o.e.m.c.i.embedder.EclipseLogger - Using platform encoding (UTF-8 actually) to copy filtered resources, i.e. build is platform dependent!
2018-10-23 11:22:45,258 [Worker-26] INFO  o.e.m.c.i.embedder.EclipseLogger - Copying 0 resource
2018-10-23 11:37:19,881 [Worker-33] INFO  o.e.m.i.launch.MavenLaunchDelegate - /home/cloudera/gender-statistics-analysis-jasonyunjoonpark/ProjectOne
2018-10-23 11:37:19,888 [Worker-33] INFO  o.e.m.i.launch.MavenLaunchDelegate -  mvn  -B clean package
2018-10-23 11:37:20,688 [Worker-33] WARN  o.e.m.c.i.embedder.EclipseLogger - Using platform encoding (UTF-8 actually) to copy filtered resources, i.e. build is platform dependent!
2018-10-23 11:37:20,708 [Worker-33] INFO  o.e.m.c.i.embedder.EclipseLogger - Copying 0 resource
2018-10-23 11:37:20,714 [Worker-33] WARN  o.e.m.c.i.embedder.EclipseLogger - Using platform encoding (UTF-8 actually) to copy filtered resources, i.e. build is platform dependent!
2018-10-23 11:37:20,754 [Worker-33] INFO  o.e.m.c.i.embedder.EclipseLogger - Copying 0 resource
2018-10-23 11:52:47,369 [Worker-33] INFO  o.e.m.i.launch.MavenLaunchDelegate - /home/cloudera/gender-statistics-analysis-jasonyunjoonpark/ProjectOne
2018-10-23 11:52:47,375 [Worker-33] INFO  o.e.m.i.launch.MavenLaunchDelegate -  mvn  -B clean package
2018-10-23 11:52:48,134 [Worker-36] WARN  o.e.m.c.i.embedder.EclipseLogger - Using platform encoding (UTF-8 actually) to copy filtered resources, i.e. build is platform dependent!
2018-10-23 11:52:48,208 [Worker-36] INFO  o.e.m.c.i.embedder.EclipseLogger - Copying 0 resource
2018-10-23 11:52:48,210 [Worker-36] WARN  o.e.m.c.i.embedder.EclipseLogger - Using platform encoding (UTF-8 actually) to copy filtered resources, i.e. build is platform dependent!
2018-10-23 11:52:48,212 [Worker-36] INFO  o.e.m.c.i.embedder.EclipseLogger - Copying 0 resource
2018-10-23 11:55:47,429 [Worker-38] INFO  o.e.m.i.launch.MavenLaunchDelegate - /home/cloudera/gender-statistics-analysis-jasonyunjoonpark/ProjectOne
2018-10-23 11:55:47,431 [Worker-38] INFO  o.e.m.i.launch.MavenLaunchDelegate -  mvn  -B clean package
2018-10-23 11:55:48,036 [Worker-34] WARN  o.e.m.c.i.embedder.EclipseLogger - Using platform encoding (UTF-8 actually) to copy filtered resources, i.e. build is platform dependent!
2018-10-23 11:55:48,043 [Worker-34] INFO  o.e.m.c.i.embedder.EclipseLogger - Copying 0 resource
2018-10-23 11:55:48,053 [Worker-34] WARN  o.e.m.c.i.embedder.EclipseLogger - Using platform encoding (UTF-8 actually) to copy filtered resources, i.e. build is platform dependent!
2018-10-23 11:55:48,058 [Worker-34] INFO  o.e.m.c.i.embedder.EclipseLogger - Copying 0 resource
2018-10-23 11:58:22,897 [Worker-38] WARN  o.e.m.c.i.embedder.EclipseLogger - Using platform encoding (UTF-8 actually) to copy filtered resources, i.e. build is platform dependent!
2018-10-23 11:58:22,904 [Worker-38] INFO  o.e.m.c.i.embedder.EclipseLogger - Copying 0 resource
2018-10-23 11:58:22,926 [Worker-38] WARN  o.e.m.c.i.embedder.EclipseLogger - Using platform encoding (UTF-8 actually) to copy filtered resources, i.e. build is platform dependent!
2018-10-23 11:58:22,928 [Worker-38] INFO  o.e.m.c.i.embedder.EclipseLogger - Copying 0 resource
2018-10-23 12:40:58,785 [Worker-52] INFO  o.e.m.i.launch.MavenLaunchDelegate - /home/cloudera/gender-statistics-analysis-jasonyunjoonpark/ProjectOne
2018-10-23 12:40:58,788 [Worker-52] INFO  o.e.m.i.launch.MavenLaunchDelegate -  mvn  -B clean package
2018-10-23 12:41:00,451 [Worker-50] WARN  o.e.m.c.i.embedder.EclipseLogger - Using platform encoding (UTF-8 actually) to copy filtered resources, i.e. build is platform dependent!
2018-10-23 12:41:00,456 [Worker-50] INFO  o.e.m.c.i.embedder.EclipseLogger - Copying 0 resource
2018-10-23 12:41:00,460 [Worker-50] WARN  o.e.m.c.i.embedder.EclipseLogger - Using platform encoding (UTF-8 actually) to copy filtered resources, i.e. build is platform dependent!
2018-10-23 12:41:00,480 [Worker-50] INFO  o.e.m.c.i.embedder.EclipseLogger - Copying 0 resource
2018-10-23 12:43:20,620 [Worker-50] WARN  o.e.m.c.i.embedder.EclipseLogger - Using platform encoding (UTF-8 actually) to copy filtered resources, i.e. build is platform dependent!
2018-10-23 12:43:20,884 [Worker-50] INFO  o.e.m.c.i.embedder.EclipseLogger - Copying 0 resource
2018-10-23 12:43:20,906 [Worker-50] WARN  o.e.m.c.i.embedder.EclipseLogger - Using platform encoding (UTF-8 actually) to copy filtered resources, i.e. build is platform dependent!
2018-10-23 12:43:20,912 [Worker-50] INFO  o.e.m.c.i.embedder.EclipseLogger - Copying 0 resource
2018-10-23 12:45:51,975 [Worker-50] WARN  o.e.m.c.i.embedder.EclipseLogger - Using platform encoding (UTF-8 actually) to copy filtered resources, i.e. build is platform dependent!
2018-10-23 12:45:51,978 [Worker-50] INFO  o.e.m.c.i.embedder.EclipseLogger - Copying 0 resource
2018-10-23 12:45:51,987 [Worker-50] WARN  o.e.m.c.i.embedder.EclipseLogger - Using platform encoding (UTF-8 actually) to copy filtered resources, i.e. build is platform dependent!
2018-10-23 12:45:51,988 [Worker-50] INFO  o.e.m.c.i.embedder.EclipseLogger - Copying 0 resource
2018-10-23 12:59:33,997 [Worker-53] WARN  o.e.m.c.i.embedder.EclipseLogger - Using platform encoding (UTF-8 actually) to copy filtered resources, i.e. build is platform dependent!
2018-10-23 12:59:34,020 [Worker-53] INFO  o.e.m.c.i.embedder.EclipseLogger - Copying 0 resource
2018-10-23 12:59:34,037 [Worker-53] WARN  o.e.m.c.i.embedder.EclipseLogger - Using platform encoding (UTF-8 actually) to copy filtered resources, i.e. build is platform dependent!
2018-10-23 12:59:34,056 [Worker-53] INFO  o.e.m.c.i.embedder.EclipseLogger - Copying 0 resource
2018-10-23 12:59:35,129 [Worker-50] WARN  o.e.m.c.i.embedder.EclipseLogger - Using platform encoding (UTF-8 actually) to copy filtered resources, i.e. build is platform dependent!
2018-10-23 12:59:35,131 [Worker-50] INFO  o.e.m.c.i.embedder.EclipseLogger - Copying 0 resource
2018-10-23 12:59:35,133 [Worker-50] WARN  o.e.m.c.i.embedder.EclipseLogger - Using platform encoding (UTF-8 actually) to copy filtered resources, i.e. build is platform dependent!
2018-10-23 12:59:35,134 [Worker-50] INFO  o.e.m.c.i.embedder.EclipseLogger - Copying 0 resource
2018-10-23 13:03:31,990 [Worker-57] WARN  o.e.m.c.i.embedder.EclipseLogger - Using platform encoding (UTF-8 actually) to copy filtered resources, i.e. build is platform dependent!
2018-10-23 13:03:32,024 [Worker-57] INFO  o.e.m.c.i.embedder.EclipseLogger - Copying 0 resource
2018-10-23 13:03:32,038 [Worker-57] WARN  o.e.m.c.i.embedder.EclipseLogger - Using platform encoding (UTF-8 actually) to copy filtered resources, i.e. build is platform dependent!
2018-10-23 13:03:32,073 [Worker-57] INFO  o.e.m.c.i.embedder.EclipseLogger - Copying 0 resource
2018-10-23 13:14:47,932 [Worker-53] INFO  o.e.m.i.launch.MavenLaunchDelegate - /home/cloudera/gender-statistics-analysis-jasonyunjoonpark/ProjectOne
2018-10-23 13:14:47,934 [Worker-53] INFO  o.e.m.i.launch.MavenLaunchDelegate -  mvn  -B clean package
2018-10-23 13:14:49,895 [Worker-61] WARN  o.e.m.c.i.embedder.EclipseLogger - Using platform encoding (UTF-8 actually) to copy filtered resources, i.e. build is platform dependent!
2018-10-23 13:14:49,944 [Worker-61] INFO  o.e.m.c.i.embedder.EclipseLogger - Copying 0 resource
2018-10-23 13:14:49,950 [Worker-61] WARN  o.e.m.c.i.embedder.EclipseLogger - Using platform encoding (UTF-8 actually) to copy filtered resources, i.e. build is platform dependent!
2018-10-23 13:14:49,971 [Worker-61] INFO  o.e.m.c.i.embedder.EclipseLogger - Copying 0 resource
2018-10-23 13:35:00,125 [Worker-64] WARN  o.e.m.c.i.embedder.EclipseLogger - Using platform encoding (UTF-8 actually) to copy filtered resources, i.e. build is platform dependent!
2018-10-23 13:35:00,136 [Worker-64] INFO  o.e.m.c.i.embedder.EclipseLogger - Copying 0 resource
2018-10-23 13:35:00,139 [Worker-64] WARN  o.e.m.c.i.embedder.EclipseLogger - Using platform encoding (UTF-8 actually) to copy filtered resources, i.e. build is platform dependent!
2018-10-23 13:35:00,140 [Worker-64] INFO  o.e.m.c.i.embedder.EclipseLogger - Copying 0 resource
2018-10-23 13:35:09,523 [Worker-66] INFO  o.e.m.i.launch.MavenLaunchDelegate - /home/cloudera/gender-statistics-analysis-jasonyunjoonpark/ProjectOne
2018-10-23 13:35:09,524 [Worker-66] INFO  o.e.m.i.launch.MavenLaunchDelegate -  mvn  -B clean package
2018-10-23 13:35:10,833 [Worker-61] WARN  o.e.m.c.i.embedder.EclipseLogger - Using platform encoding (UTF-8 actually) to copy filtered resources, i.e. build is platform dependent!
2018-10-23 13:35:10,836 [Worker-61] INFO  o.e.m.c.i.embedder.EclipseLogger - Copying 0 resource
2018-10-23 13:35:10,969 [Worker-61] WARN  o.e.m.c.i.embedder.EclipseLogger - Using platform encoding (UTF-8 actually) to copy filtered resources, i.e. build is platform dependent!
2018-10-23 13:35:10,970 [Worker-61] INFO  o.e.m.c.i.embedder.EclipseLogger - Copying 0 resource
2018-10-23 13:40:40,387 [Worker-64] INFO  o.e.m.i.launch.MavenLaunchDelegate - /home/cloudera/gender-statistics-analysis-jasonyunjoonpark/ProjectOne
2018-10-23 13:40:40,390 [Worker-64] INFO  o.e.m.i.launch.MavenLaunchDelegate -  mvn  -B clean package
2018-10-23 13:40:41,446 [Worker-71] WARN  o.e.m.c.i.embedder.EclipseLogger - Using platform encoding (UTF-8 actually) to copy filtered resources, i.e. build is platform dependent!
2018-10-23 13:40:41,462 [Worker-71] INFO  o.e.m.c.i.embedder.EclipseLogger - Copying 0 resource
2018-10-23 13:40:41,486 [Worker-71] WARN  o.e.m.c.i.embedder.EclipseLogger - Using platform encoding (UTF-8 actually) to copy filtered resources, i.e. build is platform dependent!
2018-10-23 13:40:41,495 [Worker-71] INFO  o.e.m.c.i.embedder.EclipseLogger - Copying 0 resource
2018-10-23 13:43:31,905 [Worker-64] INFO  o.e.m.i.launch.MavenLaunchDelegate - /home/cloudera/gender-statistics-analysis-jasonyunjoonpark/ProjectOne
2018-10-23 13:43:31,906 [Worker-64] INFO  o.e.m.i.launch.MavenLaunchDelegate -  mvn  -B clean package
2018-10-23 13:43:34,444 [Worker-64] INFO  o.e.m.i.launch.MavenLaunchDelegate - /home/cloudera/gender-statistics-analysis-jasonyunjoonpark/ProjectOne
2018-10-23 13:43:34,445 [Worker-64] INFO  o.e.m.i.launch.MavenLaunchDelegate -  mvn  -B clean package
2018-10-23 13:43:35,106 [Worker-74] WARN  o.e.m.c.i.embedder.EclipseLogger - Using platform encoding (UTF-8 actually) to copy filtered resources, i.e. build is platform dependent!
2018-10-23 13:43:35,116 [Worker-74] INFO  o.e.m.c.i.embedder.EclipseLogger - Copying 0 resource
2018-10-23 13:43:35,124 [Worker-74] WARN  o.e.m.c.i.embedder.EclipseLogger - Using platform encoding (UTF-8 actually) to copy filtered resources, i.e. build is platform dependent!
2018-10-23 13:43:35,146 [Worker-74] INFO  o.e.m.c.i.embedder.EclipseLogger - Copying 0 resource
2018-10-23 13:48:26,011 [Worker-73] INFO  o.e.m.i.launch.MavenLaunchDelegate - /home/cloudera/gender-statistics-analysis-jasonyunjoonpark/ProjectOne
2018-10-23 13:48:26,017 [Worker-73] INFO  o.e.m.i.launch.MavenLaunchDelegate -  mvn  -B clean package
2018-10-23 13:48:26,669 [Worker-73] WARN  o.e.m.c.i.embedder.EclipseLogger - Using platform encoding (UTF-8 actually) to copy filtered resources, i.e. build is platform dependent!
2018-10-23 13:48:26,673 [Worker-73] INFO  o.e.m.c.i.embedder.EclipseLogger - Copying 0 resource
2018-10-23 13:48:26,676 [Worker-73] WARN  o.e.m.c.i.embedder.EclipseLogger - Using platform encoding (UTF-8 actually) to copy filtered resources, i.e. build is platform dependent!
2018-10-23 13:48:26,679 [Worker-73] INFO  o.e.m.c.i.embedder.EclipseLogger - Copying 0 resource
2018-10-23 13:52:00,614 [Worker-76] INFO  o.e.m.i.launch.MavenLaunchDelegate - /home/cloudera/gender-statistics-analysis-jasonyunjoonpark/ProjectOne
2018-10-23 13:52:00,616 [Worker-76] INFO  o.e.m.i.launch.MavenLaunchDelegate -  mvn  -B clean package
2018-10-23 13:52:01,413 [Worker-76] WARN  o.e.m.c.i.embedder.EclipseLogger - Using platform encoding (UTF-8 actually) to copy filtered resources, i.e. build is platform dependent!
2018-10-23 13:52:01,419 [Worker-76] INFO  o.e.m.c.i.embedder.EclipseLogger - Copying 0 resource
2018-10-23 13:52:01,431 [Worker-76] WARN  o.e.m.c.i.embedder.EclipseLogger - Using platform encoding (UTF-8 actually) to copy filtered resources, i.e. build is platform dependent!
2018-10-23 13:52:01,436 [Worker-76] INFO  o.e.m.c.i.embedder.EclipseLogger - Copying 0 resource
2018-10-23 13:52:59,934 [Worker-76] INFO  o.e.m.i.launch.MavenLaunchDelegate - /home/cloudera/gender-statistics-analysis-jasonyunjoonpark/ProjectOne
2018-10-23 13:52:59,934 [Worker-76] INFO  o.e.m.i.launch.MavenLaunchDelegate -  mvn  -B clean package
2018-10-23 13:53:01,546 [Worker-82] WARN  o.e.m.c.i.embedder.EclipseLogger - Using platform encoding (UTF-8 actually) to copy filtered resources, i.e. build is platform dependent!
2018-10-23 13:53:01,551 [Worker-82] INFO  o.e.m.c.i.embedder.EclipseLogger - Copying 0 resource
2018-10-23 13:53:01,562 [Worker-82] WARN  o.e.m.c.i.embedder.EclipseLogger - Using platform encoding (UTF-8 actually) to copy filtered resources, i.e. build is platform dependent!
2018-10-23 13:53:01,584 [Worker-82] INFO  o.e.m.c.i.embedder.EclipseLogger - Copying 0 resource
2018-10-23 13:53:25,381 [Worker-82] INFO  o.e.m.i.launch.MavenLaunchDelegate - /home/cloudera/gender-statistics-analysis-jasonyunjoonpark/ProjectOne
2018-10-23 13:53:25,387 [Worker-82] INFO  o.e.m.i.launch.MavenLaunchDelegate -  mvn  -B clean package
2018-10-23 13:53:26,433 [Worker-76] WARN  o.e.m.c.i.embedder.EclipseLogger - Using platform encoding (UTF-8 actually) to copy filtered resources, i.e. build is platform dependent!
2018-10-23 13:53:26,435 [Worker-76] INFO  o.e.m.c.i.embedder.EclipseLogger - Copying 0 resource
2018-10-23 13:53:26,453 [Worker-76] WARN  o.e.m.c.i.embedder.EclipseLogger - Using platform encoding (UTF-8 actually) to copy filtered resources, i.e. build is platform dependent!
2018-10-23 13:53:26,455 [Worker-76] INFO  o.e.m.c.i.embedder.EclipseLogger - Copying 0 resource
2018-10-23 13:54:12,657 [Worker-83] WARN  o.e.m.c.i.embedder.EclipseLogger - Using platform encoding (UTF-8 actually) to copy filtered resources, i.e. build is platform dependent!
2018-10-23 13:54:12,661 [Worker-83] INFO  o.e.m.c.i.embedder.EclipseLogger - Copying 0 resource
2018-10-23 13:54:12,664 [Worker-83] WARN  o.e.m.c.i.embedder.EclipseLogger - Using platform encoding (UTF-8 actually) to copy filtered resources, i.e. build is platform dependent!
2018-10-23 13:54:12,666 [Worker-83] INFO  o.e.m.c.i.embedder.EclipseLogger - Copying 0 resource
2018-10-23 13:54:13,701 [Worker-81] WARN  o.e.m.c.i.embedder.EclipseLogger - Using platform encoding (UTF-8 actually) to copy filtered resources, i.e. build is platform dependent!
2018-10-23 13:54:13,702 [Worker-81] INFO  o.e.m.c.i.embedder.EclipseLogger - Copying 0 resource
2018-10-23 13:54:13,704 [Worker-81] WARN  o.e.m.c.i.embedder.EclipseLogger - Using platform encoding (UTF-8 actually) to copy filtered resources, i.e. build is platform dependent!
2018-10-23 13:54:13,705 [Worker-81] INFO  o.e.m.c.i.embedder.EclipseLogger - Copying 0 resource
2018-10-23 13:55:10,673 [Worker-82] WARN  o.e.m.c.i.embedder.EclipseLogger - Using platform encoding (UTF-8 actually) to copy filtered resources, i.e. build is platform dependent!
2018-10-23 13:55:10,724 [Worker-82] INFO  o.e.m.c.i.embedder.EclipseLogger - Copying 0 resource
2018-10-23 13:55:10,727 [Worker-82] WARN  o.e.m.c.i.embedder.EclipseLogger - Using platform encoding (UTF-8 actually) to copy filtered resources, i.e. build is platform dependent!
2018-10-23 13:55:10,728 [Worker-82] INFO  o.e.m.c.i.embedder.EclipseLogger - Copying 0 resource
2018-10-23 13:56:14,006 [Worker-73] WARN  o.e.m.c.i.embedder.EclipseLogger - Using platform encoding (UTF-8 actually) to copy filtered resources, i.e. build is platform dependent!
2018-10-23 13:56:14,039 [Worker-73] INFO  o.e.m.c.i.embedder.EclipseLogger - Copying 0 resource
2018-10-23 13:56:14,043 [Worker-73] WARN  o.e.m.c.i.embedder.EclipseLogger - Using platform encoding (UTF-8 actually) to copy filtered resources, i.e. build is platform dependent!
2018-10-23 13:56:14,046 [Worker-73] INFO  o.e.m.c.i.embedder.EclipseLogger - Copying 0 resource
2018-10-23 13:56:24,015 [Worker-83] INFO  o.e.m.i.launch.MavenLaunchDelegate - /home/cloudera/gender-statistics-analysis-jasonyunjoonpark/ProjectOne
2018-10-23 13:56:24,015 [Worker-83] INFO  o.e.m.i.launch.MavenLaunchDelegate -  mvn  -B clean package
2018-10-23 13:56:25,101 [Worker-73] WARN  o.e.m.c.i.embedder.EclipseLogger - Using platform encoding (UTF-8 actually) to copy filtered resources, i.e. build is platform dependent!
2018-10-23 13:56:25,197 [Worker-73] INFO  o.e.m.c.i.embedder.EclipseLogger - Copying 0 resource
2018-10-23 13:56:25,199 [Worker-73] WARN  o.e.m.c.i.embedder.EclipseLogger - Using platform encoding (UTF-8 actually) to copy filtered resources, i.e. build is platform dependent!
2018-10-23 13:56:25,200 [Worker-73] INFO  o.e.m.c.i.embedder.EclipseLogger - Copying 0 resource
2018-10-23 14:05:14,579 [Worker-73] INFO  o.e.m.i.launch.MavenLaunchDelegate - /home/cloudera/gender-statistics-analysis-jasonyunjoonpark/ProjectOne
2018-10-23 14:05:14,584 [Worker-73] INFO  o.e.m.i.launch.MavenLaunchDelegate -  mvn  -B clean package
2018-10-23 14:05:18,299 [Worker-85] WARN  o.e.m.c.i.embedder.EclipseLogger - Using platform encoding (UTF-8 actually) to copy filtered resources, i.e. build is platform dependent!
2018-10-23 14:05:18,318 [Worker-85] INFO  o.e.m.c.i.embedder.EclipseLogger - Copying 0 resource
2018-10-23 14:05:18,665 [Worker-85] WARN  o.e.m.c.i.embedder.EclipseLogger - Using platform encoding (UTF-8 actually) to copy filtered resources, i.e. build is platform dependent!
2018-10-23 14:05:18,671 [Worker-85] INFO  o.e.m.c.i.embedder.EclipseLogger - Copying 0 resource
2018-10-24 07:23:18,608 [Worker-123] WARN  o.e.m.c.i.embedder.EclipseLogger - Using platform encoding (UTF-8 actually) to copy filtered resources, i.e. build is platform dependent!
2018-10-24 07:23:18,662 [Worker-123] INFO  o.e.m.c.i.embedder.EclipseLogger - Copying 0 resource
2018-10-24 07:23:18,671 [Worker-123] WARN  o.e.m.c.i.embedder.EclipseLogger - Using platform encoding (UTF-8 actually) to copy filtered resources, i.e. build is platform dependent!
2018-10-24 07:23:18,673 [Worker-123] INFO  o.e.m.c.i.embedder.EclipseLogger - Copying 0 resource
2018-10-24 09:06:43,474 [Worker-127] WARN  o.e.m.c.i.embedder.EclipseLogger - Using platform encoding (UTF-8 actually) to copy filtered resources, i.e. build is platform dependent!
2018-10-24 09:06:43,498 [Worker-127] INFO  o.e.m.c.i.embedder.EclipseLogger - Copying 0 resource
2018-10-24 09:06:43,508 [Worker-127] WARN  o.e.m.c.i.embedder.EclipseLogger - Using platform encoding (UTF-8 actually) to copy filtered resources, i.e. build is platform dependent!
2018-10-24 09:06:43,511 [Worker-127] INFO  o.e.m.c.i.embedder.EclipseLogger - Copying 0 resource
2018-10-24 09:07:18,598 [Worker-129] WARN  o.e.m.c.i.embedder.EclipseLogger - Using platform encoding (UTF-8 actually) to copy filtered resources, i.e. build is platform dependent!
2018-10-24 09:07:18,600 [Worker-129] INFO  o.e.m.c.i.embedder.EclipseLogger - Copying 0 resource
2018-10-24 09:07:18,602 [Worker-129] WARN  o.e.m.c.i.embedder.EclipseLogger - Using platform encoding (UTF-8 actually) to copy filtered resources, i.e. build is platform dependent!
2018-10-24 09:07:18,605 [Worker-129] INFO  o.e.m.c.i.embedder.EclipseLogger - Copying 0 resource
2018-10-24 11:51:46,892 [Worker-142] WARN  o.e.m.c.i.embedder.EclipseLogger - Using platform encoding (UTF-8 actually) to copy filtered resources, i.e. build is platform dependent!
2018-10-24 11:51:46,923 [Worker-142] INFO  o.e.m.c.i.embedder.EclipseLogger - Copying 0 resource
2018-10-24 11:51:46,924 [Worker-142] WARN  o.e.m.c.i.embedder.EclipseLogger - Using platform encoding (UTF-8 actually) to copy filtered resources, i.e. build is platform dependent!
2018-10-24 11:51:46,927 [Worker-142] INFO  o.e.m.c.i.embedder.EclipseLogger - Copying 0 resource
2018-10-24 11:52:30,442 [Worker-142] WARN  o.e.m.c.i.embedder.EclipseLogger - Using platform encoding (UTF-8 actually) to copy filtered resources, i.e. build is platform dependent!
2018-10-24 11:52:30,446 [Worker-142] INFO  o.e.m.c.i.embedder.EclipseLogger - Copying 0 resource
2018-10-24 11:52:30,447 [Worker-142] WARN  o.e.m.c.i.embedder.EclipseLogger - Using platform encoding (UTF-8 actually) to copy filtered resources, i.e. build is platform dependent!
2018-10-24 11:52:30,447 [Worker-142] INFO  o.e.m.c.i.embedder.EclipseLogger - Copying 0 resource
2018-10-24 11:53:24,114 [main] INFO  o.e.m2e.actions.ExecutePomAction - Using existing launch configuration
2018-10-24 11:53:25,795 [Worker-144] INFO  o.e.m.i.launch.MavenLaunchDelegate - /home/cloudera/gender-statistics-analysis-jasonyunjoonpark/ProjectOne
2018-10-24 11:53:25,795 [Worker-144] INFO  o.e.m.i.launch.MavenLaunchDelegate -  mvn  -B clean package
2018-10-24 11:53:26,114 [Worker-138] WARN  o.e.m.c.i.embedder.EclipseLogger - Using platform encoding (UTF-8 actually) to copy filtered resources, i.e. build is platform dependent!
2018-10-24 11:53:26,121 [Worker-138] INFO  o.e.m.c.i.embedder.EclipseLogger - Copying 0 resource
2018-10-24 11:53:26,142 [Worker-138] WARN  o.e.m.c.i.embedder.EclipseLogger - Using platform encoding (UTF-8 actually) to copy filtered resources, i.e. build is platform dependent!
2018-10-24 11:53:26,142 [Worker-138] INFO  o.e.m.c.i.embedder.EclipseLogger - Copying 0 resource
2018-10-24 12:10:34,269 [Worker-142] INFO  o.e.m.i.launch.MavenLaunchDelegate - /home/cloudera/gender-statistics-analysis-jasonyunjoonpark/ProjectOne
2018-10-24 12:10:34,307 [Worker-142] INFO  o.e.m.i.launch.MavenLaunchDelegate -  mvn  -B clean package
2018-10-24 12:10:36,563 [Worker-149] WARN  o.e.m.c.i.embedder.EclipseLogger - Using platform encoding (UTF-8 actually) to copy filtered resources, i.e. build is platform dependent!
2018-10-24 12:10:36,582 [Worker-149] INFO  o.e.m.c.i.embedder.EclipseLogger - Copying 0 resource
2018-10-24 12:10:36,584 [Worker-149] WARN  o.e.m.c.i.embedder.EclipseLogger - Using platform encoding (UTF-8 actually) to copy filtered resources, i.e. build is platform dependent!
2018-10-24 12:10:36,587 [Worker-149] INFO  o.e.m.c.i.embedder.EclipseLogger - Copying 0 resource
2018-10-24 12:20:12,463 [Worker-148] INFO  o.e.m.i.launch.MavenLaunchDelegate - /home/cloudera/gender-statistics-analysis-jasonyunjoonpark/ProjectOne
2018-10-24 12:20:12,465 [Worker-148] INFO  o.e.m.i.launch.MavenLaunchDelegate -  mvn  -B clean package
2018-10-24 12:20:13,896 [Worker-152] WARN  o.e.m.c.i.embedder.EclipseLogger - Using platform encoding (UTF-8 actually) to copy filtered resources, i.e. build is platform dependent!
2018-10-24 12:20:13,903 [Worker-152] INFO  o.e.m.c.i.embedder.EclipseLogger - Copying 0 resource
2018-10-24 12:20:13,904 [Worker-152] WARN  o.e.m.c.i.embedder.EclipseLogger - Using platform encoding (UTF-8 actually) to copy filtered resources, i.e. build is platform dependent!
2018-10-24 12:20:13,906 [Worker-152] INFO  o.e.m.c.i.embedder.EclipseLogger - Copying 0 resource
2018-10-24 12:34:03,533 [Worker-156] INFO  o.e.m.i.launch.MavenLaunchDelegate - /home/cloudera/gender-statistics-analysis-jasonyunjoonpark/ProjectOne
2018-10-24 12:34:03,620 [Worker-156] INFO  o.e.m.i.launch.MavenLaunchDelegate -  mvn  -B clean package
2018-10-24 12:34:06,179 [Worker-152] WARN  o.e.m.c.i.embedder.EclipseLogger - Using platform encoding (UTF-8 actually) to copy filtered resources, i.e. build is platform dependent!
2018-10-24 12:34:06,205 [Worker-152] INFO  o.e.m.c.i.embedder.EclipseLogger - Copying 0 resource
2018-10-24 12:34:06,208 [Worker-152] WARN  o.e.m.c.i.embedder.EclipseLogger - Using platform encoding (UTF-8 actually) to copy filtered resources, i.e. build is platform dependent!
2018-10-24 12:34:06,209 [Worker-152] INFO  o.e.m.c.i.embedder.EclipseLogger - Copying 0 resource
2018-10-24 12:39:38,203 [Worker-152] INFO  o.e.m.i.launch.MavenLaunchDelegate - /home/cloudera/gender-statistics-analysis-jasonyunjoonpark/ProjectOne
2018-10-24 12:39:38,206 [Worker-152] INFO  o.e.m.i.launch.MavenLaunchDelegate -  mvn  -B clean package
2018-10-24 12:45:27,416 [Worker-162] INFO  o.e.m.i.launch.MavenLaunchDelegate - /home/cloudera/gender-statistics-analysis-jasonyunjoonpark/ProjectOne
2018-10-24 12:45:27,426 [Worker-162] INFO  o.e.m.i.launch.MavenLaunchDelegate -  mvn  -B clean package
2018-10-24 12:45:28,451 [Worker-164] WARN  o.e.m.c.i.embedder.EclipseLogger - Using platform encoding (UTF-8 actually) to copy filtered resources, i.e. build is platform dependent!
2018-10-24 12:45:28,463 [Worker-164] INFO  o.e.m.c.i.embedder.EclipseLogger - Copying 0 resource
2018-10-24 12:45:28,486 [Worker-164] WARN  o.e.m.c.i.embedder.EclipseLogger - Using platform encoding (UTF-8 actually) to copy filtered resources, i.e. build is platform dependent!
2018-10-24 12:45:28,489 [Worker-164] INFO  o.e.m.c.i.embedder.EclipseLogger - Copying 0 resource
2018-10-24 13:02:39,534 [Worker-166] INFO  o.e.m.i.launch.MavenLaunchDelegate - /home/cloudera/gender-statistics-analysis-jasonyunjoonpark/ProjectOne
2018-10-24 13:02:39,563 [Worker-166] INFO  o.e.m.i.launch.MavenLaunchDelegate -  mvn  -B clean package
2018-10-24 13:02:42,800 [Worker-169] WARN  o.e.m.c.i.embedder.EclipseLogger - Using platform encoding (UTF-8 actually) to copy filtered resources, i.e. build is platform dependent!
2018-10-24 13:02:42,830 [Worker-169] INFO  o.e.m.c.i.embedder.EclipseLogger - Copying 0 resource
2018-10-24 13:02:42,950 [Worker-169] WARN  o.e.m.c.i.embedder.EclipseLogger - Using platform encoding (UTF-8 actually) to copy filtered resources, i.e. build is platform dependent!
2018-10-24 13:02:42,955 [Worker-169] INFO  o.e.m.c.i.embedder.EclipseLogger - Copying 0 resource
2018-10-24 13:14:20,105 [Worker-169] WARN  o.e.m.c.i.embedder.EclipseLogger - Using platform encoding (UTF-8 actually) to copy filtered resources, i.e. build is platform dependent!
2018-10-24 13:14:20,113 [Worker-169] INFO  o.e.m.c.i.embedder.EclipseLogger - Copying 0 resource
2018-10-24 13:14:20,114 [Worker-169] WARN  o.e.m.c.i.embedder.EclipseLogger - Using platform encoding (UTF-8 actually) to copy filtered resources, i.e. build is platform dependent!
2018-10-24 13:14:20,116 [Worker-169] INFO  o.e.m.c.i.embedder.EclipseLogger - Copying 0 resource
2018-10-24 13:15:58,248 [Worker-172] INFO  o.e.m.i.launch.MavenLaunchDelegate - /home/cloudera/gender-statistics-analysis-jasonyunjoonpark/ProjectOne
2018-10-24 13:15:58,255 [Worker-172] INFO  o.e.m.i.launch.MavenLaunchDelegate -  mvn  -B clean package
2018-10-24 13:16:00,234 [Worker-176] WARN  o.e.m.c.i.embedder.EclipseLogger - Using platform encoding (UTF-8 actually) to copy filtered resources, i.e. build is platform dependent!
2018-10-24 13:16:00,276 [Worker-176] INFO  o.e.m.c.i.embedder.EclipseLogger - Copying 0 resource
2018-10-24 13:16:00,277 [Worker-176] WARN  o.e.m.c.i.embedder.EclipseLogger - Using platform encoding (UTF-8 actually) to copy filtered resources, i.e. build is platform dependent!
2018-10-24 13:16:00,279 [Worker-176] INFO  o.e.m.c.i.embedder.EclipseLogger - Copying 0 resource
2018-10-24 13:25:57,072 [Worker-177] INFO  o.e.m.i.launch.MavenLaunchDelegate - /home/cloudera/gender-statistics-analysis-jasonyunjoonpark/ProjectOne
2018-10-24 13:25:57,105 [Worker-177] INFO  o.e.m.i.launch.MavenLaunchDelegate -  mvn  -B clean package
2018-10-24 13:25:58,514 [Worker-180] WARN  o.e.m.c.i.embedder.EclipseLogger - Using platform encoding (UTF-8 actually) to copy filtered resources, i.e. build is platform dependent!
2018-10-24 13:25:58,520 [Worker-180] INFO  o.e.m.c.i.embedder.EclipseLogger - Copying 0 resource
2018-10-24 13:25:58,521 [Worker-180] WARN  o.e.m.c.i.embedder.EclipseLogger - Using platform encoding (UTF-8 actually) to copy filtered resources, i.e. build is platform dependent!
2018-10-24 13:25:58,522 [Worker-180] INFO  o.e.m.c.i.embedder.EclipseLogger - Copying 0 resource
2018-10-24 13:29:05,327 [Worker-182] INFO  o.e.m.i.launch.MavenLaunchDelegate - /home/cloudera/gender-statistics-analysis-jasonyunjoonpark/ProjectOne
2018-10-24 13:29:05,479 [Worker-182] INFO  o.e.m.i.launch.MavenLaunchDelegate -  mvn  -B clean package
2018-10-24 13:29:06,337 [Worker-183] WARN  o.e.m.c.i.embedder.EclipseLogger - Using platform encoding (UTF-8 actually) to copy filtered resources, i.e. build is platform dependent!
2018-10-24 13:29:06,371 [Worker-183] INFO  o.e.m.c.i.embedder.EclipseLogger - Copying 0 resource
2018-10-24 13:29:06,393 [Worker-183] WARN  o.e.m.c.i.embedder.EclipseLogger - Using platform encoding (UTF-8 actually) to copy filtered resources, i.e. build is platform dependent!
2018-10-24 13:29:06,401 [Worker-183] INFO  o.e.m.c.i.embedder.EclipseLogger - Copying 0 resource
2018-10-24 13:35:18,668 [Worker-182] INFO  o.e.m.i.launch.MavenLaunchDelegate - /home/cloudera/gender-statistics-analysis-jasonyunjoonpark/ProjectOne
2018-10-24 13:35:18,681 [Worker-182] INFO  o.e.m.i.launch.MavenLaunchDelegate -  mvn  -B clean package
2018-10-24 13:39:53,449 [Worker-188] WARN  o.e.m.c.i.embedder.EclipseLogger - Using platform encoding (UTF-8 actually) to copy filtered resources, i.e. build is platform dependent!
2018-10-24 13:39:53,459 [Worker-188] INFO  o.e.m.c.i.embedder.EclipseLogger - Copying 0 resource
2018-10-24 13:39:53,501 [Worker-188] WARN  o.e.m.c.i.embedder.EclipseLogger - Using platform encoding (UTF-8 actually) to copy filtered resources, i.e. build is platform dependent!
2018-10-24 13:39:53,506 [Worker-188] INFO  o.e.m.c.i.embedder.EclipseLogger - Copying 0 resource
2018-10-24 13:39:53,731 [Worker-185] INFO  o.e.m.i.launch.MavenLaunchDelegate - /home/cloudera/gender-statistics-analysis-jasonyunjoonpark/ProjectOne
2018-10-24 13:39:53,733 [Worker-185] INFO  o.e.m.i.launch.MavenLaunchDelegate -  mvn  -B clean package
2018-10-24 13:39:55,119 [Worker-189] WARN  o.e.m.c.i.embedder.EclipseLogger - Using platform encoding (UTF-8 actually) to copy filtered resources, i.e. build is platform dependent!
2018-10-24 13:39:55,120 [Worker-189] INFO  o.e.m.c.i.embedder.EclipseLogger - Copying 0 resource
2018-10-24 13:39:55,121 [Worker-189] WARN  o.e.m.c.i.embedder.EclipseLogger - Using platform encoding (UTF-8 actually) to copy filtered resources, i.e. build is platform dependent!
2018-10-24 13:39:55,122 [Worker-189] INFO  o.e.m.c.i.embedder.EclipseLogger - Copying 0 resource
2018-10-24 13:58:38,215 [Worker-199] WARN  o.e.m.c.i.embedder.EclipseLogger - Using platform encoding (UTF-8 actually) to copy filtered resources, i.e. build is platform dependent!
2018-10-24 13:58:38,312 [Worker-199] INFO  o.e.m.c.i.embedder.EclipseLogger - Copying 0 resource
2018-10-24 13:58:39,372 [Worker-199] WARN  o.e.m.c.i.embedder.EclipseLogger - Using platform encoding (UTF-8 actually) to copy filtered resources, i.e. build is platform dependent!
2018-10-24 13:58:39,380 [Worker-199] INFO  o.e.m.c.i.embedder.EclipseLogger - Copying 0 resource
2018-10-24 14:01:20,810 [Worker-199] WARN  o.e.m.c.i.embedder.EclipseLogger - Using platform encoding (UTF-8 actually) to copy filtered resources, i.e. build is platform dependent!
2018-10-24 14:01:20,852 [Worker-199] INFO  o.e.m.c.i.embedder.EclipseLogger - Copying 0 resource
2018-10-24 14:01:20,854 [Worker-199] WARN  o.e.m.c.i.embedder.EclipseLogger - Using platform encoding (UTF-8 actually) to copy filtered resources, i.e. build is platform dependent!
2018-10-24 14:01:20,854 [Worker-199] INFO  o.e.m.c.i.embedder.EclipseLogger - Copying 0 resource
2018-10-24 16:11:36,549 [Worker-209] WARN  o.e.m.c.i.embedder.EclipseLogger - Using platform encoding (UTF-8 actually) to copy filtered resources, i.e. build is platform dependent!
2018-10-24 16:11:36,554 [Worker-209] INFO  o.e.m.c.i.embedder.EclipseLogger - Copying 0 resource
2018-10-24 16:11:36,559 [Worker-209] WARN  o.e.m.c.i.embedder.EclipseLogger - Using platform encoding (UTF-8 actually) to copy filtered resources, i.e. build is platform dependent!
2018-10-24 16:11:36,561 [Worker-209] INFO  o.e.m.c.i.embedder.EclipseLogger - Copying 0 resource
2018-10-24 16:15:25,406 [Worker-210] WARN  o.e.m.c.i.embedder.EclipseLogger - Using platform encoding (UTF-8 actually) to copy filtered resources, i.e. build is platform dependent!
2018-10-24 16:15:25,410 [Worker-210] INFO  o.e.m.c.i.embedder.EclipseLogger - Copying 0 resource
2018-10-24 16:15:25,434 [Worker-210] WARN  o.e.m.c.i.embedder.EclipseLogger - Using platform encoding (UTF-8 actually) to copy filtered resources, i.e. build is platform dependent!
2018-10-24 16:15:25,436 [Worker-210] INFO  o.e.m.c.i.embedder.EclipseLogger - Copying 0 resource
2018-10-24 16:15:36,062 [Worker-202] WARN  o.e.m.c.i.embedder.EclipseLogger - Using platform encoding (UTF-8 actually) to copy filtered resources, i.e. build is platform dependent!
2018-10-24 16:15:36,069 [Worker-202] INFO  o.e.m.c.i.embedder.EclipseLogger - Copying 0 resource
2018-10-24 16:15:36,104 [Worker-202] WARN  o.e.m.c.i.embedder.EclipseLogger - Using platform encoding (UTF-8 actually) to copy filtered resources, i.e. build is platform dependent!
2018-10-24 16:15:36,104 [Worker-202] INFO  o.e.m.c.i.embedder.EclipseLogger - Copying 0 resource
2018-10-24 16:15:37,136 [Worker-209] WARN  o.e.m.c.i.embedder.EclipseLogger - Using platform encoding (UTF-8 actually) to copy filtered resources, i.e. build is platform dependent!
2018-10-24 16:15:37,137 [Worker-209] INFO  o.e.m.c.i.embedder.EclipseLogger - Copying 0 resource
2018-10-24 16:15:37,138 [Worker-209] WARN  o.e.m.c.i.embedder.EclipseLogger - Using platform encoding (UTF-8 actually) to copy filtered resources, i.e. build is platform dependent!
2018-10-24 16:15:37,138 [Worker-209] INFO  o.e.m.c.i.embedder.EclipseLogger - Copying 0 resource
2018-10-24 16:15:54,887 [Worker-209] WARN  o.e.m.c.i.embedder.EclipseLogger - Using platform encoding (UTF-8 actually) to copy filtered resources, i.e. build is platform dependent!
2018-10-24 16:15:54,888 [Worker-209] INFO  o.e.m.c.i.embedder.EclipseLogger - Copying 0 resource
2018-10-24 16:15:54,890 [Worker-209] WARN  o.e.m.c.i.embedder.EclipseLogger - Using platform encoding (UTF-8 actually) to copy filtered resources, i.e. build is platform dependent!
2018-10-24 16:15:54,890 [Worker-209] INFO  o.e.m.c.i.embedder.EclipseLogger - Copying 0 resource
2018-10-24 16:16:30,971 [main] INFO  o.e.m2e.actions.ExecutePomAction - Using existing launch configuration
2018-10-24 16:16:31,209 [Worker-211] INFO  o.e.m.i.launch.MavenLaunchDelegate - /home/cloudera/gender-statistics-analysis-jasonyunjoonpark/ProjectOne
2018-10-24 16:16:31,211 [Worker-211] INFO  o.e.m.i.launch.MavenLaunchDelegate -  mvn  -B clean package
2018-10-24 16:20:18,996 [Worker-212] INFO  o.e.m.i.launch.MavenLaunchDelegate - /home/cloudera/gender-statistics-analysis-jasonyunjoonpark/ProjectOne
2018-10-24 16:20:19,092 [Worker-212] INFO  o.e.m.i.launch.MavenLaunchDelegate -  mvn  -B clean package
2018-10-24 16:20:20,102 [Worker-215] WARN  o.e.m.c.i.embedder.EclipseLogger - Using platform encoding (UTF-8 actually) to copy filtered resources, i.e. build is platform dependent!
2018-10-24 16:20:20,106 [Worker-215] INFO  o.e.m.c.i.embedder.EclipseLogger - Copying 0 resource
2018-10-24 16:20:20,112 [Worker-215] WARN  o.e.m.c.i.embedder.EclipseLogger - Using platform encoding (UTF-8 actually) to copy filtered resources, i.e. build is platform dependent!
2018-10-24 16:20:20,117 [Worker-215] INFO  o.e.m.c.i.embedder.EclipseLogger - Copying 0 resource
2018-10-24 16:33:48,500 [Worker-216] INFO  o.e.m.i.launch.MavenLaunchDelegate - /home/cloudera/gender-statistics-analysis-jasonyunjoonpark/ProjectOne
2018-10-24 16:33:48,502 [Worker-216] INFO  o.e.m.i.launch.MavenLaunchDelegate -  mvn  -B clean package
2018-10-24 16:33:49,619 [Worker-219] WARN  o.e.m.c.i.embedder.EclipseLogger - Using platform encoding (UTF-8 actually) to copy filtered resources, i.e. build is platform dependent!
2018-10-24 16:33:49,623 [Worker-219] INFO  o.e.m.c.i.embedder.EclipseLogger - Copying 0 resource
2018-10-24 16:33:49,625 [Worker-219] WARN  o.e.m.c.i.embedder.EclipseLogger - Using platform encoding (UTF-8 actually) to copy filtered resources, i.e. build is platform dependent!
2018-10-24 16:33:49,628 [Worker-219] INFO  o.e.m.c.i.embedder.EclipseLogger - Copying 0 resource
2018-10-24 16:40:54,674 [Worker-219] INFO  o.e.m.i.launch.MavenLaunchDelegate - /home/cloudera/gender-statistics-analysis-jasonyunjoonpark/ProjectOne
2018-10-24 16:40:54,708 [Worker-219] INFO  o.e.m.i.launch.MavenLaunchDelegate -  mvn  -B clean package
2018-10-24 16:40:56,075 [Worker-221] WARN  o.e.m.c.i.embedder.EclipseLogger - Using platform encoding (UTF-8 actually) to copy filtered resources, i.e. build is platform dependent!
2018-10-24 16:40:56,088 [Worker-221] INFO  o.e.m.c.i.embedder.EclipseLogger - Copying 0 resource
2018-10-24 16:40:56,144 [Worker-221] WARN  o.e.m.c.i.embedder.EclipseLogger - Using platform encoding (UTF-8 actually) to copy filtered resources, i.e. build is platform dependent!
2018-10-24 16:40:56,147 [Worker-221] INFO  o.e.m.c.i.embedder.EclipseLogger - Copying 0 resource
2018-10-24 16:48:29,421 [Worker-221] INFO  o.e.m.i.launch.MavenLaunchDelegate - /home/cloudera/gender-statistics-analysis-jasonyunjoonpark/ProjectOne
2018-10-24 16:48:29,538 [Worker-221] INFO  o.e.m.i.launch.MavenLaunchDelegate -  mvn  -B clean package
2018-10-24 16:48:29,977 [Worker-219] WARN  o.e.m.c.i.embedder.EclipseLogger - Using platform encoding (UTF-8 actually) to copy filtered resources, i.e. build is platform dependent!
2018-10-24 16:48:29,981 [Worker-219] INFO  o.e.m.c.i.embedder.EclipseLogger - Copying 0 resource
2018-10-24 16:48:29,983 [Worker-219] WARN  o.e.m.c.i.embedder.EclipseLogger - Using platform encoding (UTF-8 actually) to copy filtered resources, i.e. build is platform dependent!
2018-10-24 16:48:29,984 [Worker-219] INFO  o.e.m.c.i.embedder.EclipseLogger - Copying 0 resource
2018-10-24 17:00:39,214 [Worker-221] INFO  o.e.m.i.launch.MavenLaunchDelegate - /home/cloudera/gender-statistics-analysis-jasonyunjoonpark/ProjectOne
2018-10-24 17:00:39,235 [Worker-221] INFO  o.e.m.i.launch.MavenLaunchDelegate -  mvn  -B clean package
2018-10-24 17:00:40,750 [Worker-233] WARN  o.e.m.c.i.embedder.EclipseLogger - Using platform encoding (UTF-8 actually) to copy filtered resources, i.e. build is platform dependent!
2018-10-24 17:00:40,756 [Worker-233] INFO  o.e.m.c.i.embedder.EclipseLogger - Copying 0 resource
2018-10-24 17:00:40,757 [Worker-233] WARN  o.e.m.c.i.embedder.EclipseLogger - Using platform encoding (UTF-8 actually) to copy filtered resources, i.e. build is platform dependent!
2018-10-24 17:00:40,758 [Worker-233] INFO  o.e.m.c.i.embedder.EclipseLogger - Copying 0 resource
2018-10-24 17:07:00,986 [Worker-235] INFO  o.e.m.i.launch.MavenLaunchDelegate - /home/cloudera/gender-statistics-analysis-jasonyunjoonpark/ProjectOne
2018-10-24 17:07:00,994 [Worker-235] INFO  o.e.m.i.launch.MavenLaunchDelegate -  mvn  -B clean package
2018-10-24 17:07:02,019 [Worker-221] WARN  o.e.m.c.i.embedder.EclipseLogger - Using platform encoding (UTF-8 actually) to copy filtered resources, i.e. build is platform dependent!
2018-10-24 17:07:02,050 [Worker-221] INFO  o.e.m.c.i.embedder.EclipseLogger - Copying 0 resource
2018-10-24 17:07:02,055 [Worker-221] WARN  o.e.m.c.i.embedder.EclipseLogger - Using platform encoding (UTF-8 actually) to copy filtered resources, i.e. build is platform dependent!
2018-10-24 17:07:02,062 [Worker-221] INFO  o.e.m.c.i.embedder.EclipseLogger - Copying 0 resource
2018-10-24 17:13:57,804 [Worker-235] INFO  o.e.m.i.launch.MavenLaunchDelegate - /home/cloudera/gender-statistics-analysis-jasonyunjoonpark/ProjectOne
2018-10-24 17:13:57,806 [Worker-235] INFO  o.e.m.i.launch.MavenLaunchDelegate -  mvn  -B clean package
2018-10-24 17:13:58,523 [Worker-237] WARN  o.e.m.c.i.embedder.EclipseLogger - Using platform encoding (UTF-8 actually) to copy filtered resources, i.e. build is platform dependent!
2018-10-24 17:13:58,524 [Worker-237] INFO  o.e.m.c.i.embedder.EclipseLogger - Copying 0 resource
2018-10-24 17:13:58,545 [Worker-237] WARN  o.e.m.c.i.embedder.EclipseLogger - Using platform encoding (UTF-8 actually) to copy filtered resources, i.e. build is platform dependent!
2018-10-24 17:13:58,546 [Worker-237] INFO  o.e.m.c.i.embedder.EclipseLogger - Copying 0 resource
2018-10-24 18:27:21,540 [Worker-245] WARN  o.e.m.c.i.embedder.EclipseLogger - Using platform encoding (UTF-8 actually) to copy filtered resources, i.e. build is platform dependent!
2018-10-24 18:27:21,549 [Worker-245] INFO  o.e.m.c.i.embedder.EclipseLogger - Copying 0 resource
2018-10-24 18:27:21,553 [Worker-245] WARN  o.e.m.c.i.embedder.EclipseLogger - Using platform encoding (UTF-8 actually) to copy filtered resources, i.e. build is platform dependent!
2018-10-24 18:27:21,555 [Worker-245] INFO  o.e.m.c.i.embedder.EclipseLogger - Copying 0 resource
2018-10-24 18:29:32,724 [Worker-249] WARN  o.e.m.c.i.embedder.EclipseLogger - Using platform encoding (UTF-8 actually) to copy filtered resources, i.e. build is platform dependent!
2018-10-24 18:29:32,728 [Worker-249] INFO  o.e.m.c.i.embedder.EclipseLogger - Copying 0 resource
2018-10-24 18:29:32,729 [Worker-249] WARN  o.e.m.c.i.embedder.EclipseLogger - Using platform encoding (UTF-8 actually) to copy filtered resources, i.e. build is platform dependent!
2018-10-24 18:29:32,730 [Worker-249] INFO  o.e.m.c.i.embedder.EclipseLogger - Copying 0 resource
2018-10-24 18:29:39,515 [Worker-251] WARN  o.e.m.c.i.embedder.EclipseLogger - Using platform encoding (UTF-8 actually) to copy filtered resources, i.e. build is platform dependent!
2018-10-24 18:29:39,566 [Worker-251] INFO  o.e.m.c.i.embedder.EclipseLogger - Copying 0 resource
2018-10-24 18:29:39,679 [Worker-251] WARN  o.e.m.c.i.embedder.EclipseLogger - Using platform encoding (UTF-8 actually) to copy filtered resources, i.e. build is platform dependent!
2018-10-24 18:29:39,680 [Worker-251] INFO  o.e.m.c.i.embedder.EclipseLogger - Copying 0 resource
2018-10-24 18:30:20,821 [Worker-248] INFO  o.e.m.i.launch.MavenLaunchDelegate - /home/cloudera/gender-statistics-analysis-jasonyunjoonpark/ProjectOne
2018-10-24 18:30:20,822 [Worker-248] INFO  o.e.m.i.launch.MavenLaunchDelegate -  mvn  -B clean package
2018-10-24 18:30:22,472 [Worker-251] WARN  o.e.m.c.i.embedder.EclipseLogger - Using platform encoding (UTF-8 actually) to copy filtered resources, i.e. build is platform dependent!
2018-10-24 18:30:22,656 [Worker-251] INFO  o.e.m.c.i.embedder.EclipseLogger - Copying 0 resource
2018-10-24 18:30:22,659 [Worker-251] WARN  o.e.m.c.i.embedder.EclipseLogger - Using platform encoding (UTF-8 actually) to copy filtered resources, i.e. build is platform dependent!
2018-10-24 18:30:22,660 [Worker-251] INFO  o.e.m.c.i.embedder.EclipseLogger - Copying 0 resource
2018-10-24 18:41:09,008 [Worker-251] INFO  o.e.m.i.launch.MavenLaunchDelegate - /home/cloudera/gender-statistics-analysis-jasonyunjoonpark/ProjectOne
2018-10-24 18:41:09,019 [Worker-251] INFO  o.e.m.i.launch.MavenLaunchDelegate -  mvn  -B clean package
2018-10-24 18:41:12,188 [Worker-255] WARN  o.e.m.c.i.embedder.EclipseLogger - Using platform encoding (UTF-8 actually) to copy filtered resources, i.e. build is platform dependent!
2018-10-24 18:41:12,991 [Worker-255] INFO  o.e.m.c.i.embedder.EclipseLogger - Copying 0 resource
2018-10-24 18:41:12,998 [Worker-255] WARN  o.e.m.c.i.embedder.EclipseLogger - Using platform encoding (UTF-8 actually) to copy filtered resources, i.e. build is platform dependent!
2018-10-24 18:41:13,002 [Worker-255] INFO  o.e.m.c.i.embedder.EclipseLogger - Copying 0 resource
2018-10-24 18:45:27,559 [Worker-256] INFO  o.e.m.i.launch.MavenLaunchDelegate - /home/cloudera/gender-statistics-analysis-jasonyunjoonpark/ProjectOne
2018-10-24 18:45:27,573 [Worker-256] INFO  o.e.m.i.launch.MavenLaunchDelegate -  mvn  -B clean package
2018-10-24 18:45:28,725 [Worker-253] WARN  o.e.m.c.i.embedder.EclipseLogger - Using platform encoding (UTF-8 actually) to copy filtered resources, i.e. build is platform dependent!
2018-10-24 18:45:28,744 [Worker-253] INFO  o.e.m.c.i.embedder.EclipseLogger - Copying 0 resource
2018-10-24 18:45:28,756 [Worker-253] WARN  o.e.m.c.i.embedder.EclipseLogger - Using platform encoding (UTF-8 actually) to copy filtered resources, i.e. build is platform dependent!
2018-10-24 18:45:28,758 [Worker-253] INFO  o.e.m.c.i.embedder.EclipseLogger - Copying 0 resource
2018-10-25 07:14:36,362 [Worker-282] WARN  o.e.m.c.i.embedder.EclipseLogger - Using platform encoding (UTF-8 actually) to copy filtered resources, i.e. build is platform dependent!
2018-10-25 07:14:36,434 [Worker-282] INFO  o.e.m.c.i.embedder.EclipseLogger - Copying 0 resource
2018-10-25 07:14:36,826 [Worker-282] WARN  o.e.m.c.i.embedder.EclipseLogger - Using platform encoding (UTF-8 actually) to copy filtered resources, i.e. build is platform dependent!
2018-10-25 07:14:36,831 [Worker-282] INFO  o.e.m.c.i.embedder.EclipseLogger - Copying 0 resource
2018-10-25 07:16:57,971 [Worker-281] WARN  o.e.m.c.i.embedder.EclipseLogger - Using platform encoding (UTF-8 actually) to copy filtered resources, i.e. build is platform dependent!
2018-10-25 07:16:57,975 [Worker-281] INFO  o.e.m.c.i.embedder.EclipseLogger - Copying 0 resource
2018-10-25 07:16:57,978 [Worker-281] WARN  o.e.m.c.i.embedder.EclipseLogger - Using platform encoding (UTF-8 actually) to copy filtered resources, i.e. build is platform dependent!
2018-10-25 07:16:57,978 [Worker-281] INFO  o.e.m.c.i.embedder.EclipseLogger - Copying 0 resource
2018-10-25 07:16:59,452 [Worker-281] WARN  o.e.m.c.i.embedder.EclipseLogger - Using platform encoding (UTF-8 actually) to copy filtered resources, i.e. build is platform dependent!
2018-10-25 07:17:00,211 [Worker-281] INFO  o.e.m.c.i.embedder.EclipseLogger - Copying 0 resource
2018-10-25 07:17:00,216 [Worker-281] WARN  o.e.m.c.i.embedder.EclipseLogger - Using platform encoding (UTF-8 actually) to copy filtered resources, i.e. build is platform dependent!
2018-10-25 07:17:00,220 [Worker-281] INFO  o.e.m.c.i.embedder.EclipseLogger - Copying 0 resource
2018-10-25 07:20:41,226 [Worker-285] WARN  o.e.m.c.i.embedder.EclipseLogger - Using platform encoding (UTF-8 actually) to copy filtered resources, i.e. build is platform dependent!
2018-10-25 07:20:41,230 [Worker-285] INFO  o.e.m.c.i.embedder.EclipseLogger - Copying 0 resource
2018-10-25 07:20:41,233 [Worker-285] WARN  o.e.m.c.i.embedder.EclipseLogger - Using platform encoding (UTF-8 actually) to copy filtered resources, i.e. build is platform dependent!
2018-10-25 07:20:41,356 [Worker-285] INFO  o.e.m.c.i.embedder.EclipseLogger - Copying 0 resource
2018-10-25 07:33:03,942 [main] INFO  o.e.m2e.actions.ExecutePomAction - Using existing launch configuration
2018-10-25 07:33:10,289 [Worker-286] INFO  o.e.m.i.launch.MavenLaunchDelegate - /home/cloudera/gender-statistics-analysis-jasonyunjoonpark/ProjectOne
2018-10-25 07:33:10,293 [Worker-286] INFO  o.e.m.i.launch.MavenLaunchDelegate -  mvn  -B clean package
2018-10-25 07:33:13,478 [Worker-291] WARN  o.e.m.c.i.embedder.EclipseLogger - Using platform encoding (UTF-8 actually) to copy filtered resources, i.e. build is platform dependent!
2018-10-25 07:33:13,485 [Worker-291] INFO  o.e.m.c.i.embedder.EclipseLogger - Copying 0 resource
2018-10-25 07:33:13,486 [Worker-291] WARN  o.e.m.c.i.embedder.EclipseLogger - Using platform encoding (UTF-8 actually) to copy filtered resources, i.e. build is platform dependent!
2018-10-25 07:33:13,489 [Worker-291] INFO  o.e.m.c.i.embedder.EclipseLogger - Copying 0 resource
2018-10-25 07:41:44,286 [Worker-296] WARN  o.e.m.c.i.embedder.EclipseLogger - Using platform encoding (UTF-8 actually) to copy filtered resources, i.e. build is platform dependent!
2018-10-25 07:41:44,332 [Worker-296] INFO  o.e.m.c.i.embedder.EclipseLogger - Copying 0 resource
2018-10-25 07:41:44,336 [Worker-296] WARN  o.e.m.c.i.embedder.EclipseLogger - Using platform encoding (UTF-8 actually) to copy filtered resources, i.e. build is platform dependent!
2018-10-25 07:41:44,346 [Worker-296] INFO  o.e.m.c.i.embedder.EclipseLogger - Copying 0 resource
2018-10-25 07:41:44,644 [Worker-297] WARN  o.e.m.c.i.embedder.EclipseLogger - Using platform encoding (UTF-8 actually) to copy filtered resources, i.e. build is platform dependent!
2018-10-25 07:41:44,649 [Worker-297] INFO  o.e.m.c.i.embedder.EclipseLogger - Copying 0 resource
2018-10-25 07:41:44,659 [Worker-297] WARN  o.e.m.c.i.embedder.EclipseLogger - Using platform encoding (UTF-8 actually) to copy filtered resources, i.e. build is platform dependent!
2018-10-25 07:41:44,659 [Worker-297] INFO  o.e.m.c.i.embedder.EclipseLogger - Copying 0 resource
2018-10-25 07:42:08,043 [main] INFO  o.e.m2e.actions.ExecutePomAction - Using existing launch configuration
2018-10-25 07:42:08,114 [Worker-287] INFO  o.e.m.i.launch.MavenLaunchDelegate - /home/cloudera/gender-statistics-analysis-jasonyunjoonpark/ProjectOne
2018-10-25 07:42:08,114 [Worker-287] INFO  o.e.m.i.launch.MavenLaunchDelegate -  mvn  -B clean package
2018-10-25 10:33:31,617 [Worker-329] INFO  o.e.m.i.launch.MavenLaunchDelegate - /home/cloudera/gender-statistics-analysis-jasonyunjoonpark/ProjectOne
2018-10-25 10:33:31,774 [Worker-329] INFO  o.e.m.i.launch.MavenLaunchDelegate -  mvn  -B clean package
2018-10-25 10:33:35,368 [Worker-347] WARN  o.e.m.c.i.embedder.EclipseLogger - Using platform encoding (UTF-8 actually) to copy filtered resources, i.e. build is platform dependent!
2018-10-25 10:33:35,453 [Worker-347] INFO  o.e.m.c.i.embedder.EclipseLogger - Copying 0 resource
2018-10-25 10:33:35,462 [Worker-347] WARN  o.e.m.c.i.embedder.EclipseLogger - Using platform encoding (UTF-8 actually) to copy filtered resources, i.e. build is platform dependent!
2018-10-25 10:33:35,464 [Worker-347] INFO  o.e.m.c.i.embedder.EclipseLogger - Copying 0 resource
2018-10-25 10:39:39,047 [Worker-338] INFO  o.e.m.i.launch.MavenLaunchDelegate - /home/cloudera/gender-statistics-analysis-jasonyunjoonpark/ProjectOne
2018-10-25 10:39:39,058 [Worker-338] INFO  o.e.m.i.launch.MavenLaunchDelegate -  mvn  -B clean package
2018-10-25 10:39:41,605 [Worker-345] WARN  o.e.m.c.i.embedder.EclipseLogger - Using platform encoding (UTF-8 actually) to copy filtered resources, i.e. build is platform dependent!
2018-10-25 10:39:41,751 [Worker-345] INFO  o.e.m.c.i.embedder.EclipseLogger - Copying 0 resource
2018-10-25 10:39:41,753 [Worker-345] WARN  o.e.m.c.i.embedder.EclipseLogger - Using platform encoding (UTF-8 actually) to copy filtered resources, i.e. build is platform dependent!
2018-10-25 10:39:41,756 [Worker-345] INFO  o.e.m.c.i.embedder.EclipseLogger - Copying 0 resource
2018-10-25 12:11:34,203 [Worker-366] WARN  o.e.m.c.i.embedder.EclipseLogger - Using platform encoding (UTF-8 actually) to copy filtered resources, i.e. build is platform dependent!
2018-10-25 12:11:34,436 [Worker-366] INFO  o.e.m.c.i.embedder.EclipseLogger - Copying 0 resource
2018-10-25 12:11:34,467 [Worker-366] WARN  o.e.m.c.i.embedder.EclipseLogger - Using platform encoding (UTF-8 actually) to copy filtered resources, i.e. build is platform dependent!
2018-10-25 12:11:34,475 [Worker-366] INFO  o.e.m.c.i.embedder.EclipseLogger - Copying 0 resource
2018-10-25 12:15:56,710 [Worker-369] WARN  o.e.m.c.i.embedder.EclipseLogger - Using platform encoding (UTF-8 actually) to copy filtered resources, i.e. build is platform dependent!
2018-10-25 12:15:56,714 [Worker-369] INFO  o.e.m.c.i.embedder.EclipseLogger - Copying 0 resource
2018-10-25 12:15:56,715 [Worker-369] WARN  o.e.m.c.i.embedder.EclipseLogger - Using platform encoding (UTF-8 actually) to copy filtered resources, i.e. build is platform dependent!
2018-10-25 12:15:56,717 [Worker-369] INFO  o.e.m.c.i.embedder.EclipseLogger - Copying 0 resource
2018-10-25 12:16:24,251 [Worker-374] WARN  o.e.m.c.i.embedder.EclipseLogger - Using platform encoding (UTF-8 actually) to copy filtered resources, i.e. build is platform dependent!
2018-10-25 12:16:24,256 [Worker-374] INFO  o.e.m.c.i.embedder.EclipseLogger - Copying 0 resource
2018-10-25 12:16:24,269 [Worker-374] WARN  o.e.m.c.i.embedder.EclipseLogger - Using platform encoding (UTF-8 actually) to copy filtered resources, i.e. build is platform dependent!
2018-10-25 12:16:24,270 [Worker-374] INFO  o.e.m.c.i.embedder.EclipseLogger - Copying 0 resource
2018-10-25 12:17:46,724 [Worker-374] WARN  o.e.m.c.i.embedder.EclipseLogger - Using platform encoding (UTF-8 actually) to copy filtered resources, i.e. build is platform dependent!
2018-10-25 12:17:46,726 [Worker-374] INFO  o.e.m.c.i.embedder.EclipseLogger - Copying 0 resource
2018-10-25 12:17:46,730 [Worker-374] WARN  o.e.m.c.i.embedder.EclipseLogger - Using platform encoding (UTF-8 actually) to copy filtered resources, i.e. build is platform dependent!
2018-10-25 12:17:46,731 [Worker-374] INFO  o.e.m.c.i.embedder.EclipseLogger - Copying 0 resource
2018-10-25 12:24:27,645 [Worker-360] WARN  o.e.m.c.i.embedder.EclipseLogger - Using platform encoding (UTF-8 actually) to copy filtered resources, i.e. build is platform dependent!
2018-10-25 12:24:27,652 [Worker-360] INFO  o.e.m.c.i.embedder.EclipseLogger - Copying 0 resource
2018-10-25 12:24:27,653 [Worker-360] WARN  o.e.m.c.i.embedder.EclipseLogger - Using platform encoding (UTF-8 actually) to copy filtered resources, i.e. build is platform dependent!
2018-10-25 12:24:27,655 [Worker-360] INFO  o.e.m.c.i.embedder.EclipseLogger - Copying 0 resource
2018-10-25 12:25:42,514 [Worker-376] WARN  o.e.m.c.i.embedder.EclipseLogger - Using platform encoding (UTF-8 actually) to copy filtered resources, i.e. build is platform dependent!
2018-10-25 12:25:42,517 [Worker-376] INFO  o.e.m.c.i.embedder.EclipseLogger - Copying 0 resource
2018-10-25 12:25:42,518 [Worker-376] WARN  o.e.m.c.i.embedder.EclipseLogger - Using platform encoding (UTF-8 actually) to copy filtered resources, i.e. build is platform dependent!
2018-10-25 12:25:42,518 [Worker-376] INFO  o.e.m.c.i.embedder.EclipseLogger - Copying 0 resource
2018-10-25 12:25:46,799 [Worker-369] WARN  o.e.m.c.i.embedder.EclipseLogger - Using platform encoding (UTF-8 actually) to copy filtered resources, i.e. build is platform dependent!
2018-10-25 12:25:46,802 [Worker-369] INFO  o.e.m.c.i.embedder.EclipseLogger - Copying 0 resource
2018-10-25 12:25:46,805 [Worker-369] WARN  o.e.m.c.i.embedder.EclipseLogger - Using platform encoding (UTF-8 actually) to copy filtered resources, i.e. build is platform dependent!
2018-10-25 12:25:46,806 [Worker-369] INFO  o.e.m.c.i.embedder.EclipseLogger - Copying 0 resource
2018-10-25 12:25:47,500 [Worker-374] INFO  o.e.m.i.launch.MavenLaunchDelegate - /home/cloudera/gender-statistics-analysis-jasonyunjoonpark/ProjectOne
2018-10-25 12:25:47,503 [Worker-374] INFO  o.e.m.i.launch.MavenLaunchDelegate -  mvn  -B clean package
2018-10-25 12:25:49,178 [Worker-374] WARN  o.e.m.c.i.embedder.EclipseLogger - Using platform encoding (UTF-8 actually) to copy filtered resources, i.e. build is platform dependent!
2018-10-25 12:25:49,426 [Worker-374] INFO  o.e.m.c.i.embedder.EclipseLogger - Copying 0 resource
2018-10-25 12:25:49,439 [Worker-374] WARN  o.e.m.c.i.embedder.EclipseLogger - Using platform encoding (UTF-8 actually) to copy filtered resources, i.e. build is platform dependent!
2018-10-25 12:25:49,439 [Worker-374] INFO  o.e.m.c.i.embedder.EclipseLogger - Copying 0 resource
2018-10-25 16:12:24,958 [Worker-392] WARN  o.e.m.c.i.embedder.EclipseLogger - Using platform encoding (UTF-8 actually) to copy filtered resources, i.e. build is platform dependent!
2018-10-25 16:12:25,292 [Worker-392] INFO  o.e.m.c.i.embedder.EclipseLogger - Copying 0 resource
2018-10-25 16:12:25,399 [Worker-392] WARN  o.e.m.c.i.embedder.EclipseLogger - Using platform encoding (UTF-8 actually) to copy filtered resources, i.e. build is platform dependent!
2018-10-25 16:12:25,403 [Worker-392] INFO  o.e.m.c.i.embedder.EclipseLogger - Copying 0 resource
2018-10-25 16:22:43,210 [main] INFO  o.e.m2e.actions.ExecutePomAction - Using existing launch configuration
2018-10-25 16:22:43,591 [Worker-398] INFO  o.e.m.i.launch.MavenLaunchDelegate - /home/cloudera/gender-statistics-analysis-jasonyunjoonpark/ProjectOne
2018-10-25 16:22:43,593 [Worker-398] INFO  o.e.m.i.launch.MavenLaunchDelegate -  mvn  -B clean package
2018-10-25 16:33:36,520 [Worker-395] WARN  o.e.m.c.i.embedder.EclipseLogger - Using platform encoding (UTF-8 actually) to copy filtered resources, i.e. build is platform dependent!
2018-10-25 16:33:36,531 [Worker-395] INFO  o.e.m.c.i.embedder.EclipseLogger - Copying 0 resource
2018-10-25 16:33:36,549 [Worker-395] WARN  o.e.m.c.i.embedder.EclipseLogger - Using platform encoding (UTF-8 actually) to copy filtered resources, i.e. build is platform dependent!
2018-10-25 16:33:36,553 [Worker-395] INFO  o.e.m.c.i.embedder.EclipseLogger - Copying 0 resource
2018-10-25 16:33:41,359 [Worker-401] WARN  o.e.m.c.i.embedder.EclipseLogger - Using platform encoding (UTF-8 actually) to copy filtered resources, i.e. build is platform dependent!
2018-10-25 16:33:41,363 [Worker-401] INFO  o.e.m.c.i.embedder.EclipseLogger - Copying 0 resource
2018-10-25 16:33:41,364 [Worker-401] WARN  o.e.m.c.i.embedder.EclipseLogger - Using platform encoding (UTF-8 actually) to copy filtered resources, i.e. build is platform dependent!
2018-10-25 16:33:41,366 [Worker-401] INFO  o.e.m.c.i.embedder.EclipseLogger - Copying 0 resource
2018-10-25 16:33:42,399 [Worker-402] WARN  o.e.m.c.i.embedder.EclipseLogger - Using platform encoding (UTF-8 actually) to copy filtered resources, i.e. build is platform dependent!
2018-10-25 16:33:42,444 [Worker-402] INFO  o.e.m.c.i.embedder.EclipseLogger - Copying 0 resource
2018-10-25 16:33:42,469 [Worker-402] WARN  o.e.m.c.i.embedder.EclipseLogger - Using platform encoding (UTF-8 actually) to copy filtered resources, i.e. build is platform dependent!
2018-10-25 16:33:42,470 [Worker-402] INFO  o.e.m.c.i.embedder.EclipseLogger - Copying 0 resource
2018-10-25 16:33:55,930 [main] INFO  o.e.m2e.actions.ExecutePomAction - Using existing launch configuration
2018-10-25 16:33:56,178 [Worker-402] INFO  o.e.m.i.launch.MavenLaunchDelegate - /home/cloudera/gender-statistics-analysis-jasonyunjoonpark/ProjectOne
2018-10-25 16:33:56,179 [Worker-402] INFO  o.e.m.i.launch.MavenLaunchDelegate -  mvn  -B clean package
2018-10-25 16:40:04,359 [Worker-404] WARN  o.e.m.c.i.embedder.EclipseLogger - Using platform encoding (UTF-8 actually) to copy filtered resources, i.e. build is platform dependent!
2018-10-25 16:40:04,435 [Worker-404] INFO  o.e.m.c.i.embedder.EclipseLogger - Copying 0 resource
2018-10-25 16:40:04,438 [Worker-404] WARN  o.e.m.c.i.embedder.EclipseLogger - Using platform encoding (UTF-8 actually) to copy filtered resources, i.e. build is platform dependent!
2018-10-25 16:40:04,439 [Worker-404] INFO  o.e.m.c.i.embedder.EclipseLogger - Copying 0 resource
2018-10-25 16:48:02,429 [Worker-409] WARN  o.e.m.c.i.embedder.EclipseLogger - Using platform encoding (UTF-8 actually) to copy filtered resources, i.e. build is platform dependent!
2018-10-25 16:48:02,459 [Worker-409] INFO  o.e.m.c.i.embedder.EclipseLogger - Copying 0 resource
2018-10-25 16:48:02,464 [Worker-409] WARN  o.e.m.c.i.embedder.EclipseLogger - Using platform encoding (UTF-8 actually) to copy filtered resources, i.e. build is platform dependent!
2018-10-25 16:48:02,466 [Worker-409] INFO  o.e.m.c.i.embedder.EclipseLogger - Copying 0 resource
2018-10-25 16:51:29,447 [Worker-410] WARN  o.e.m.c.i.embedder.EclipseLogger - Using platform encoding (UTF-8 actually) to copy filtered resources, i.e. build is platform dependent!
2018-10-25 16:51:29,454 [Worker-410] INFO  o.e.m.c.i.embedder.EclipseLogger - Copying 0 resource
2018-10-25 16:51:29,456 [Worker-410] WARN  o.e.m.c.i.embedder.EclipseLogger - Using platform encoding (UTF-8 actually) to copy filtered resources, i.e. build is platform dependent!
2018-10-25 16:51:29,457 [Worker-410] INFO  o.e.m.c.i.embedder.EclipseLogger - Copying 0 resource
2018-10-25 16:52:02,881 [Worker-411] WARN  o.e.m.c.i.embedder.EclipseLogger - Using platform encoding (UTF-8 actually) to copy filtered resources, i.e. build is platform dependent!
2018-10-25 16:52:03,013 [Worker-411] INFO  o.e.m.c.i.embedder.EclipseLogger - Copying 0 resource
2018-10-25 16:52:03,045 [Worker-411] WARN  o.e.m.c.i.embedder.EclipseLogger - Using platform encoding (UTF-8 actually) to copy filtered resources, i.e. build is platform dependent!
2018-10-25 16:52:03,045 [Worker-411] INFO  o.e.m.c.i.embedder.EclipseLogger - Copying 0 resource
2018-10-25 16:53:12,991 [Worker-410] WARN  o.e.m.c.i.embedder.EclipseLogger - Using platform encoding (UTF-8 actually) to copy filtered resources, i.e. build is platform dependent!
2018-10-25 16:53:12,996 [Worker-410] INFO  o.e.m.c.i.embedder.EclipseLogger - Copying 0 resource
2018-10-25 16:53:12,997 [Worker-410] WARN  o.e.m.c.i.embedder.EclipseLogger - Using platform encoding (UTF-8 actually) to copy filtered resources, i.e. build is platform dependent!
2018-10-25 16:53:12,997 [Worker-410] INFO  o.e.m.c.i.embedder.EclipseLogger - Copying 0 resource
2018-10-25 16:53:14,064 [Worker-410] WARN  o.e.m.c.i.embedder.EclipseLogger - Using platform encoding (UTF-8 actually) to copy filtered resources, i.e. build is platform dependent!
2018-10-25 16:53:14,064 [Worker-410] INFO  o.e.m.c.i.embedder.EclipseLogger - Copying 0 resource
2018-10-25 16:53:14,066 [Worker-410] WARN  o.e.m.c.i.embedder.EclipseLogger - Using platform encoding (UTF-8 actually) to copy filtered resources, i.e. build is platform dependent!
2018-10-25 16:53:14,066 [Worker-410] INFO  o.e.m.c.i.embedder.EclipseLogger - Copying 0 resource
2018-10-25 16:54:30,388 [Worker-406] WARN  o.e.m.c.i.embedder.EclipseLogger - Using platform encoding (UTF-8 actually) to copy filtered resources, i.e. build is platform dependent!
2018-10-25 16:54:30,398 [Worker-406] INFO  o.e.m.c.i.embedder.EclipseLogger - Copying 0 resource
2018-10-25 16:54:30,400 [Worker-406] WARN  o.e.m.c.i.embedder.EclipseLogger - Using platform encoding (UTF-8 actually) to copy filtered resources, i.e. build is platform dependent!
2018-10-25 16:54:30,402 [Worker-406] INFO  o.e.m.c.i.embedder.EclipseLogger - Copying 0 resource
2018-10-25 16:58:47,867 [Worker-406] WARN  o.e.m.c.i.embedder.EclipseLogger - Using platform encoding (UTF-8 actually) to copy filtered resources, i.e. build is platform dependent!
2018-10-25 16:58:47,874 [Worker-406] INFO  o.e.m.c.i.embedder.EclipseLogger - Copying 0 resource
2018-10-25 16:58:47,879 [Worker-406] WARN  o.e.m.c.i.embedder.EclipseLogger - Using platform encoding (UTF-8 actually) to copy filtered resources, i.e. build is platform dependent!
2018-10-25 16:58:47,880 [Worker-406] INFO  o.e.m.c.i.embedder.EclipseLogger - Copying 0 resource
2018-10-25 17:01:18,292 [Worker-410] WARN  o.e.m.c.i.embedder.EclipseLogger - Using platform encoding (UTF-8 actually) to copy filtered resources, i.e. build is platform dependent!
2018-10-25 17:01:18,299 [Worker-410] INFO  o.e.m.c.i.embedder.EclipseLogger - Copying 0 resource
2018-10-25 17:01:18,354 [Worker-410] WARN  o.e.m.c.i.embedder.EclipseLogger - Using platform encoding (UTF-8 actually) to copy filtered resources, i.e. build is platform dependent!
2018-10-25 17:01:18,356 [Worker-410] INFO  o.e.m.c.i.embedder.EclipseLogger - Copying 0 resource
2018-10-25 17:06:49,854 [Worker-412] WARN  o.e.m.c.i.embedder.EclipseLogger - Using platform encoding (UTF-8 actually) to copy filtered resources, i.e. build is platform dependent!
2018-10-25 17:06:49,872 [Worker-412] INFO  o.e.m.c.i.embedder.EclipseLogger - Copying 0 resource
2018-10-25 17:06:49,874 [Worker-412] WARN  o.e.m.c.i.embedder.EclipseLogger - Using platform encoding (UTF-8 actually) to copy filtered resources, i.e. build is platform dependent!
2018-10-25 17:06:49,877 [Worker-412] INFO  o.e.m.c.i.embedder.EclipseLogger - Copying 0 resource
2018-10-25 17:07:14,123 [main] INFO  o.e.m2e.actions.ExecutePomAction - Using existing launch configuration
2018-10-25 17:07:14,494 [Worker-412] INFO  o.e.m.i.launch.MavenLaunchDelegate - /home/cloudera/gender-statistics-analysis-jasonyunjoonpark/ProjectOne
2018-10-25 17:07:14,494 [Worker-412] INFO  o.e.m.i.launch.MavenLaunchDelegate -  mvn  -B clean package
2018-10-25 17:17:39,018 [Worker-419] WARN  o.e.m.c.i.embedder.EclipseLogger - Using platform encoding (UTF-8 actually) to copy filtered resources, i.e. build is platform dependent!
2018-10-25 17:17:39,056 [Worker-419] INFO  o.e.m.c.i.embedder.EclipseLogger - Copying 0 resource
2018-10-25 17:17:39,161 [Worker-419] WARN  o.e.m.c.i.embedder.EclipseLogger - Using platform encoding (UTF-8 actually) to copy filtered resources, i.e. build is platform dependent!
2018-10-25 17:17:39,201 [Worker-419] INFO  o.e.m.c.i.embedder.EclipseLogger - Copying 0 resource
2018-10-25 17:21:49,636 [Worker-423] WARN  o.e.m.c.i.embedder.EclipseLogger - Using platform encoding (UTF-8 actually) to copy filtered resources, i.e. build is platform dependent!
2018-10-25 17:21:49,644 [Worker-423] INFO  o.e.m.c.i.embedder.EclipseLogger - Copying 0 resource
2018-10-25 17:21:49,653 [Worker-423] WARN  o.e.m.c.i.embedder.EclipseLogger - Using platform encoding (UTF-8 actually) to copy filtered resources, i.e. build is platform dependent!
2018-10-25 17:21:49,658 [Worker-423] INFO  o.e.m.c.i.embedder.EclipseLogger - Copying 0 resource
2018-10-25 17:38:19,996 [Worker-427] WARN  o.e.m.c.i.embedder.EclipseLogger - Using platform encoding (UTF-8 actually) to copy filtered resources, i.e. build is platform dependent!
2018-10-25 17:38:20,006 [Worker-427] INFO  o.e.m.c.i.embedder.EclipseLogger - Copying 0 resource
2018-10-25 17:38:20,007 [Worker-427] WARN  o.e.m.c.i.embedder.EclipseLogger - Using platform encoding (UTF-8 actually) to copy filtered resources, i.e. build is platform dependent!
2018-10-25 17:38:20,009 [Worker-427] INFO  o.e.m.c.i.embedder.EclipseLogger - Copying 0 resource
2018-10-25 17:38:30,399 [Worker-421] WARN  o.e.m.c.i.embedder.EclipseLogger - Using platform encoding (UTF-8 actually) to copy filtered resources, i.e. build is platform dependent!
2018-10-25 17:38:30,404 [Worker-421] INFO  o.e.m.c.i.embedder.EclipseLogger - Copying 0 resource
2018-10-25 17:38:30,408 [Worker-421] WARN  o.e.m.c.i.embedder.EclipseLogger - Using platform encoding (UTF-8 actually) to copy filtered resources, i.e. build is platform dependent!
2018-10-25 17:38:30,409 [Worker-421] INFO  o.e.m.c.i.embedder.EclipseLogger - Copying 0 resource
2018-10-26 12:23:45,142 [Worker-474] WARN  o.e.m.c.i.embedder.EclipseLogger - Using platform encoding (UTF-8 actually) to copy filtered resources, i.e. build is platform dependent!
2018-10-26 12:23:45,517 [Worker-474] INFO  o.e.m.c.i.embedder.EclipseLogger - Copying 0 resource
2018-10-26 12:23:45,575 [Worker-474] WARN  o.e.m.c.i.embedder.EclipseLogger - Using platform encoding (UTF-8 actually) to copy filtered resources, i.e. build is platform dependent!
2018-10-26 12:23:45,581 [Worker-474] INFO  o.e.m.c.i.embedder.EclipseLogger - Copying 0 resource
2018-10-26 12:24:41,482 [Worker-474] WARN  o.e.m.c.i.embedder.EclipseLogger - Using platform encoding (UTF-8 actually) to copy filtered resources, i.e. build is platform dependent!
2018-10-26 12:24:41,489 [Worker-474] INFO  o.e.m.c.i.embedder.EclipseLogger - Copying 0 resource
2018-10-26 12:24:41,493 [Worker-474] WARN  o.e.m.c.i.embedder.EclipseLogger - Using platform encoding (UTF-8 actually) to copy filtered resources, i.e. build is platform dependent!
2018-10-26 12:24:41,522 [Worker-474] INFO  o.e.m.c.i.embedder.EclipseLogger - Copying 0 resource
2018-10-26 12:27:34,830 [Worker-475] WARN  o.e.m.c.i.embedder.EclipseLogger - Using platform encoding (UTF-8 actually) to copy filtered resources, i.e. build is platform dependent!
2018-10-26 12:27:34,838 [Worker-475] INFO  o.e.m.c.i.embedder.EclipseLogger - Copying 0 resource
2018-10-26 12:27:34,857 [Worker-475] WARN  o.e.m.c.i.embedder.EclipseLogger - Using platform encoding (UTF-8 actually) to copy filtered resources, i.e. build is platform dependent!
2018-10-26 12:27:34,859 [Worker-475] INFO  o.e.m.c.i.embedder.EclipseLogger - Copying 0 resource
2018-10-26 12:29:44,944 [Worker-479] WARN  o.e.m.c.i.embedder.EclipseLogger - Using platform encoding (UTF-8 actually) to copy filtered resources, i.e. build is platform dependent!
2018-10-26 12:29:44,959 [Worker-479] INFO  o.e.m.c.i.embedder.EclipseLogger - Copying 0 resource
2018-10-26 12:29:44,975 [Worker-479] WARN  o.e.m.c.i.embedder.EclipseLogger - Using platform encoding (UTF-8 actually) to copy filtered resources, i.e. build is platform dependent!
2018-10-26 12:29:44,978 [Worker-479] INFO  o.e.m.c.i.embedder.EclipseLogger - Copying 0 resource
2018-10-26 12:35:39,564 [Worker-475] WARN  o.e.m.c.i.embedder.EclipseLogger - Using platform encoding (UTF-8 actually) to copy filtered resources, i.e. build is platform dependent!
2018-10-26 12:35:39,614 [Worker-475] INFO  o.e.m.c.i.embedder.EclipseLogger - Copying 0 resource
2018-10-26 12:35:39,616 [Worker-475] WARN  o.e.m.c.i.embedder.EclipseLogger - Using platform encoding (UTF-8 actually) to copy filtered resources, i.e. build is platform dependent!
2018-10-26 12:35:39,618 [Worker-475] INFO  o.e.m.c.i.embedder.EclipseLogger - Copying 0 resource
2018-10-26 12:36:54,266 [Worker-475] WARN  o.e.m.c.i.embedder.EclipseLogger - Using platform encoding (UTF-8 actually) to copy filtered resources, i.e. build is platform dependent!
2018-10-26 12:36:54,273 [Worker-475] INFO  o.e.m.c.i.embedder.EclipseLogger - Copying 0 resource
2018-10-26 12:36:54,274 [Worker-475] WARN  o.e.m.c.i.embedder.EclipseLogger - Using platform encoding (UTF-8 actually) to copy filtered resources, i.e. build is platform dependent!
2018-10-26 12:36:54,275 [Worker-475] INFO  o.e.m.c.i.embedder.EclipseLogger - Copying 0 resource
2018-10-26 12:42:31,827 [Worker-476] WARN  o.e.m.c.i.embedder.EclipseLogger - Using platform encoding (UTF-8 actually) to copy filtered resources, i.e. build is platform dependent!
2018-10-26 12:42:31,832 [Worker-476] INFO  o.e.m.c.i.embedder.EclipseLogger - Copying 0 resource
2018-10-26 12:42:31,833 [Worker-476] WARN  o.e.m.c.i.embedder.EclipseLogger - Using platform encoding (UTF-8 actually) to copy filtered resources, i.e. build is platform dependent!
2018-10-26 12:42:31,836 [Worker-476] INFO  o.e.m.c.i.embedder.EclipseLogger - Copying 0 resource
2018-10-26 12:49:58,995 [Worker-479] WARN  o.e.m.c.i.embedder.EclipseLogger - Using platform encoding (UTF-8 actually) to copy filtered resources, i.e. build is platform dependent!
2018-10-26 12:49:59,009 [Worker-479] INFO  o.e.m.c.i.embedder.EclipseLogger - Copying 0 resource
2018-10-26 12:49:59,067 [Worker-479] WARN  o.e.m.c.i.embedder.EclipseLogger - Using platform encoding (UTF-8 actually) to copy filtered resources, i.e. build is platform dependent!
2018-10-26 12:49:59,112 [Worker-479] INFO  o.e.m.c.i.embedder.EclipseLogger - Copying 0 resource
2018-10-26 12:51:07,207 [Worker-484] WARN  o.e.m.c.i.embedder.EclipseLogger - Using platform encoding (UTF-8 actually) to copy filtered resources, i.e. build is platform dependent!
2018-10-26 12:51:07,232 [Worker-484] INFO  o.e.m.c.i.embedder.EclipseLogger - Copying 0 resource
2018-10-26 12:51:07,234 [Worker-484] WARN  o.e.m.c.i.embedder.EclipseLogger - Using platform encoding (UTF-8 actually) to copy filtered resources, i.e. build is platform dependent!
2018-10-26 12:51:07,234 [Worker-484] INFO  o.e.m.c.i.embedder.EclipseLogger - Copying 0 resource
2018-10-26 12:51:14,681 [Worker-476] WARN  o.e.m.c.i.embedder.EclipseLogger - Using platform encoding (UTF-8 actually) to copy filtered resources, i.e. build is platform dependent!
2018-10-26 12:51:14,685 [Worker-476] INFO  o.e.m.c.i.embedder.EclipseLogger - Copying 0 resource
2018-10-26 12:51:14,686 [Worker-476] WARN  o.e.m.c.i.embedder.EclipseLogger - Using platform encoding (UTF-8 actually) to copy filtered resources, i.e. build is platform dependent!
2018-10-26 12:51:14,687 [Worker-476] INFO  o.e.m.c.i.embedder.EclipseLogger - Copying 0 resource
2018-10-26 12:52:55,108 [Worker-479] WARN  o.e.m.c.i.embedder.EclipseLogger - Using platform encoding (UTF-8 actually) to copy filtered resources, i.e. build is platform dependent!
2018-10-26 12:52:55,112 [Worker-479] INFO  o.e.m.c.i.embedder.EclipseLogger - Copying 0 resource
2018-10-26 12:52:55,114 [Worker-479] WARN  o.e.m.c.i.embedder.EclipseLogger - Using platform encoding (UTF-8 actually) to copy filtered resources, i.e. build is platform dependent!
2018-10-26 12:52:55,115 [Worker-479] INFO  o.e.m.c.i.embedder.EclipseLogger - Copying 0 resource
2018-10-26 12:53:11,325 [main] INFO  o.e.m2e.actions.ExecutePomAction - Using existing launch configuration
2018-10-26 12:53:14,157 [Worker-485] INFO  o.e.m.i.launch.MavenLaunchDelegate - /home/cloudera/gender-statistics-analysis-jasonyunjoonpark/ProjectOne
2018-10-26 12:53:14,161 [Worker-485] INFO  o.e.m.i.launch.MavenLaunchDelegate -  mvn  -B clean package
2018-10-26 12:53:16,993 [Worker-476] WARN  o.e.m.c.i.embedder.EclipseLogger - Using platform encoding (UTF-8 actually) to copy filtered resources, i.e. build is platform dependent!
2018-10-26 12:53:16,996 [Worker-476] INFO  o.e.m.c.i.embedder.EclipseLogger - Copying 0 resource
2018-10-26 12:53:16,997 [Worker-476] WARN  o.e.m.c.i.embedder.EclipseLogger - Using platform encoding (UTF-8 actually) to copy filtered resources, i.e. build is platform dependent!
2018-10-26 12:53:16,997 [Worker-476] INFO  o.e.m.c.i.embedder.EclipseLogger - Copying 0 resource
2018-10-26 12:54:48,462 [main] INFO  o.e.m2e.actions.ExecutePomAction - Using existing launch configuration
2018-10-26 12:54:50,442 [Worker-484] INFO  o.e.m.i.launch.MavenLaunchDelegate - /home/cloudera/gender-statistics-analysis-jasonyunjoonpark/ProjectOne
2018-10-26 12:54:50,443 [Worker-484] INFO  o.e.m.i.launch.MavenLaunchDelegate -  mvn  -B clean package
2018-10-26 12:54:50,936 [Worker-488] WARN  o.e.m.c.i.embedder.EclipseLogger - Using platform encoding (UTF-8 actually) to copy filtered resources, i.e. build is platform dependent!
2018-10-26 12:54:50,940 [Worker-488] INFO  o.e.m.c.i.embedder.EclipseLogger - Copying 0 resource
2018-10-26 12:54:50,951 [Worker-488] WARN  o.e.m.c.i.embedder.EclipseLogger - Using platform encoding (UTF-8 actually) to copy filtered resources, i.e. build is platform dependent!
2018-10-26 12:54:50,953 [Worker-488] INFO  o.e.m.c.i.embedder.EclipseLogger - Copying 0 resource
2018-10-26 12:54:52,012 [Worker-487] WARN  o.e.m.c.i.embedder.EclipseLogger - Using platform encoding (UTF-8 actually) to copy filtered resources, i.e. build is platform dependent!
2018-10-26 12:54:52,013 [Worker-487] INFO  o.e.m.c.i.embedder.EclipseLogger - Copying 0 resource
2018-10-26 12:54:52,014 [Worker-487] WARN  o.e.m.c.i.embedder.EclipseLogger - Using platform encoding (UTF-8 actually) to copy filtered resources, i.e. build is platform dependent!
2018-10-26 12:54:52,017 [Worker-487] INFO  o.e.m.c.i.embedder.EclipseLogger - Copying 0 resource
2018-10-26 13:04:50,652 [Worker-488] WARN  o.e.m.c.i.embedder.EclipseLogger - Using platform encoding (UTF-8 actually) to copy filtered resources, i.e. build is platform dependent!
2018-10-26 13:04:50,701 [Worker-488] INFO  o.e.m.c.i.embedder.EclipseLogger - Copying 0 resource
2018-10-26 13:04:50,709 [Worker-488] WARN  o.e.m.c.i.embedder.EclipseLogger - Using platform encoding (UTF-8 actually) to copy filtered resources, i.e. build is platform dependent!
2018-10-26 13:04:50,711 [Worker-488] INFO  o.e.m.c.i.embedder.EclipseLogger - Copying 0 resource
2018-10-26 13:04:51,996 [Worker-485] WARN  o.e.m.c.i.embedder.EclipseLogger - Using platform encoding (UTF-8 actually) to copy filtered resources, i.e. build is platform dependent!
2018-10-26 13:04:51,999 [Worker-485] INFO  o.e.m.c.i.embedder.EclipseLogger - Copying 0 resource
2018-10-26 13:04:52,004 [Worker-485] WARN  o.e.m.c.i.embedder.EclipseLogger - Using platform encoding (UTF-8 actually) to copy filtered resources, i.e. build is platform dependent!
2018-10-26 13:04:52,004 [Worker-485] INFO  o.e.m.c.i.embedder.EclipseLogger - Copying 0 resource
2018-10-26 13:06:20,092 [Worker-488] WARN  o.e.m.c.i.embedder.EclipseLogger - Using platform encoding (UTF-8 actually) to copy filtered resources, i.e. build is platform dependent!
2018-10-26 13:06:20,103 [Worker-488] INFO  o.e.m.c.i.embedder.EclipseLogger - Copying 0 resource
2018-10-26 13:06:20,105 [Worker-488] WARN  o.e.m.c.i.embedder.EclipseLogger - Using platform encoding (UTF-8 actually) to copy filtered resources, i.e. build is platform dependent!
2018-10-26 13:06:20,105 [Worker-488] INFO  o.e.m.c.i.embedder.EclipseLogger - Copying 0 resource
2018-10-26 13:06:21,917 [Worker-488] WARN  o.e.m.c.i.embedder.EclipseLogger - Using platform encoding (UTF-8 actually) to copy filtered resources, i.e. build is platform dependent!
2018-10-26 13:06:21,919 [Worker-488] INFO  o.e.m.c.i.embedder.EclipseLogger - Copying 0 resource
2018-10-26 13:06:21,920 [Worker-488] WARN  o.e.m.c.i.embedder.EclipseLogger - Using platform encoding (UTF-8 actually) to copy filtered resources, i.e. build is platform dependent!
2018-10-26 13:06:21,921 [Worker-488] INFO  o.e.m.c.i.embedder.EclipseLogger - Copying 0 resource
2018-10-26 13:11:03,094 [Worker-492] WARN  o.e.m.c.i.embedder.EclipseLogger - Using platform encoding (UTF-8 actually) to copy filtered resources, i.e. build is platform dependent!
2018-10-26 13:11:03,099 [Worker-492] INFO  o.e.m.c.i.embedder.EclipseLogger - Copying 0 resource
2018-10-26 13:11:03,100 [Worker-492] WARN  o.e.m.c.i.embedder.EclipseLogger - Using platform encoding (UTF-8 actually) to copy filtered resources, i.e. build is platform dependent!
2018-10-26 13:11:03,103 [Worker-492] INFO  o.e.m.c.i.embedder.EclipseLogger - Copying 0 resource
2018-10-26 13:11:59,200 [Worker-493] WARN  o.e.m.c.i.embedder.EclipseLogger - Using platform encoding (UTF-8 actually) to copy filtered resources, i.e. build is platform dependent!
2018-10-26 13:11:59,219 [Worker-493] INFO  o.e.m.c.i.embedder.EclipseLogger - Copying 0 resource
2018-10-26 13:11:59,220 [Worker-493] WARN  o.e.m.c.i.embedder.EclipseLogger - Using platform encoding (UTF-8 actually) to copy filtered resources, i.e. build is platform dependent!
2018-10-26 13:11:59,220 [Worker-493] INFO  o.e.m.c.i.embedder.EclipseLogger - Copying 0 resource
2018-10-26 13:23:44,059 [Worker-496] WARN  o.e.m.c.i.embedder.EclipseLogger - Using platform encoding (UTF-8 actually) to copy filtered resources, i.e. build is platform dependent!
2018-10-26 13:23:44,111 [Worker-496] INFO  o.e.m.c.i.embedder.EclipseLogger - Copying 0 resource
2018-10-26 13:23:44,112 [Worker-496] WARN  o.e.m.c.i.embedder.EclipseLogger - Using platform encoding (UTF-8 actually) to copy filtered resources, i.e. build is platform dependent!
2018-10-26 13:23:44,115 [Worker-496] INFO  o.e.m.c.i.embedder.EclipseLogger - Copying 0 resource
2018-10-26 13:24:01,915 [main] INFO  o.e.m2e.actions.ExecutePomAction - Using existing launch configuration
2018-10-26 13:24:02,138 [Worker-496] INFO  o.e.m.i.launch.MavenLaunchDelegate - /home/cloudera/gender-statistics-analysis-jasonyunjoonpark/ProjectOne
2018-10-26 13:24:02,138 [Worker-496] INFO  o.e.m.i.launch.MavenLaunchDelegate -  mvn  -B clean package
2018-10-26 13:27:11,427 [main] INFO  o.e.m2e.actions.ExecutePomAction - Using existing launch configuration
2018-10-26 13:27:13,525 [Worker-493] INFO  o.e.m.i.launch.MavenLaunchDelegate - /home/cloudera/gender-statistics-analysis-jasonyunjoonpark/ProjectOne
2018-10-26 13:27:13,525 [Worker-493] INFO  o.e.m.i.launch.MavenLaunchDelegate -  mvn  -B clean package
2018-10-26 13:27:14,398 [Worker-500] WARN  o.e.m.c.i.embedder.EclipseLogger - Using platform encoding (UTF-8 actually) to copy filtered resources, i.e. build is platform dependent!
2018-10-26 13:27:14,406 [Worker-500] INFO  o.e.m.c.i.embedder.EclipseLogger - Copying 0 resource
2018-10-26 13:27:14,417 [Worker-500] WARN  o.e.m.c.i.embedder.EclipseLogger - Using platform encoding (UTF-8 actually) to copy filtered resources, i.e. build is platform dependent!
2018-10-26 13:27:14,437 [Worker-500] INFO  o.e.m.c.i.embedder.EclipseLogger - Copying 0 resource
2018-10-26 13:33:54,517 [Worker-493] WARN  o.e.m.c.i.embedder.EclipseLogger - Using platform encoding (UTF-8 actually) to copy filtered resources, i.e. build is platform dependent!
2018-10-26 13:33:54,526 [Worker-493] INFO  o.e.m.c.i.embedder.EclipseLogger - Copying 0 resource
2018-10-26 13:33:54,530 [Worker-493] WARN  o.e.m.c.i.embedder.EclipseLogger - Using platform encoding (UTF-8 actually) to copy filtered resources, i.e. build is platform dependent!
2018-10-26 13:33:54,532 [Worker-493] INFO  o.e.m.c.i.embedder.EclipseLogger - Copying 0 resource
2018-10-26 13:34:27,037 [main] INFO  o.e.m2e.actions.ExecutePomAction - Using existing launch configuration
2018-10-26 13:34:32,344 [Worker-504] WARN  o.e.m.c.i.embedder.EclipseLogger - Using platform encoding (UTF-8 actually) to copy filtered resources, i.e. build is platform dependent!
2018-10-26 13:34:32,348 [Worker-504] INFO  o.e.m.c.i.embedder.EclipseLogger - Copying 0 resource
2018-10-26 13:34:32,349 [Worker-504] WARN  o.e.m.c.i.embedder.EclipseLogger - Using platform encoding (UTF-8 actually) to copy filtered resources, i.e. build is platform dependent!
2018-10-26 13:34:32,350 [Worker-504] INFO  o.e.m.c.i.embedder.EclipseLogger - Copying 0 resource
2018-10-26 13:34:35,112 [Worker-492] INFO  o.e.m.i.launch.MavenLaunchDelegate - /home/cloudera/gender-statistics-analysis-jasonyunjoonpark/ProjectOne
2018-10-26 13:34:35,180 [Worker-492] INFO  o.e.m.i.launch.MavenLaunchDelegate -  mvn  -B clean package
2018-10-26 13:34:35,908 [Worker-501] WARN  o.e.m.c.i.embedder.EclipseLogger - Using platform encoding (UTF-8 actually) to copy filtered resources, i.e. build is platform dependent!
2018-10-26 13:34:35,914 [Worker-501] INFO  o.e.m.c.i.embedder.EclipseLogger - Copying 0 resource
2018-10-26 13:34:35,916 [Worker-501] WARN  o.e.m.c.i.embedder.EclipseLogger - Using platform encoding (UTF-8 actually) to copy filtered resources, i.e. build is platform dependent!
2018-10-26 13:34:35,916 [Worker-501] INFO  o.e.m.c.i.embedder.EclipseLogger - Copying 0 resource
2018-10-27 15:35:48,123 [Worker-515] WARN  o.e.m.c.i.embedder.EclipseLogger - Using platform encoding (UTF-8 actually) to copy filtered resources, i.e. build is platform dependent!
2018-10-27 15:35:48,176 [Worker-515] INFO  o.e.m.c.i.embedder.EclipseLogger - Copying 0 resource
2018-10-27 15:35:48,198 [Worker-515] WARN  o.e.m.c.i.embedder.EclipseLogger - Using platform encoding (UTF-8 actually) to copy filtered resources, i.e. build is platform dependent!
2018-10-27 15:35:48,205 [Worker-515] INFO  o.e.m.c.i.embedder.EclipseLogger - Copying 0 resource
2018-10-27 16:26:27,093 [Worker-529] WARN  o.e.m.c.i.embedder.EclipseLogger - Using platform encoding (UTF-8 actually) to copy filtered resources, i.e. build is platform dependent!
2018-10-27 16:26:27,107 [Worker-529] INFO  o.e.m.c.i.embedder.EclipseLogger - Copying 0 resource
2018-10-27 16:26:27,115 [Worker-529] WARN  o.e.m.c.i.embedder.EclipseLogger - Using platform encoding (UTF-8 actually) to copy filtered resources, i.e. build is platform dependent!
2018-10-27 16:26:27,116 [Worker-529] INFO  o.e.m.c.i.embedder.EclipseLogger - Copying 0 resource
2018-10-27 16:26:35,461 [Worker-528] WARN  o.e.m.c.i.embedder.EclipseLogger - Using platform encoding (UTF-8 actually) to copy filtered resources, i.e. build is platform dependent!
2018-10-27 16:26:35,463 [Worker-528] INFO  o.e.m.c.i.embedder.EclipseLogger - Copying 0 resource
2018-10-27 16:26:35,463 [Worker-528] WARN  o.e.m.c.i.embedder.EclipseLogger - Using platform encoding (UTF-8 actually) to copy filtered resources, i.e. build is platform dependent!
2018-10-27 16:26:35,464 [Worker-528] INFO  o.e.m.c.i.embedder.EclipseLogger - Copying 0 resource
2018-10-27 16:49:55,754 [Worker-528] WARN  o.e.m.c.i.embedder.EclipseLogger - Using platform encoding (UTF-8 actually) to copy filtered resources, i.e. build is platform dependent!
2018-10-27 16:49:55,758 [Worker-528] INFO  o.e.m.c.i.embedder.EclipseLogger - Copying 0 resource
2018-10-27 16:49:55,767 [Worker-528] WARN  o.e.m.c.i.embedder.EclipseLogger - Using platform encoding (UTF-8 actually) to copy filtered resources, i.e. build is platform dependent!
2018-10-27 16:49:55,775 [Worker-528] INFO  o.e.m.c.i.embedder.EclipseLogger - Copying 0 resource
2018-10-27 17:24:57,683 [Worker-537] WARN  o.e.m.c.i.embedder.EclipseLogger - Using platform encoding (UTF-8 actually) to copy filtered resources, i.e. build is platform dependent!
2018-10-27 17:24:57,688 [Worker-537] INFO  o.e.m.c.i.embedder.EclipseLogger - Copying 0 resource
2018-10-27 17:24:57,690 [Worker-537] WARN  o.e.m.c.i.embedder.EclipseLogger - Using platform encoding (UTF-8 actually) to copy filtered resources, i.e. build is platform dependent!
2018-10-27 17:24:57,691 [Worker-537] INFO  o.e.m.c.i.embedder.EclipseLogger - Copying 0 resource
2018-10-27 17:28:19,626 [Worker-537] WARN  o.e.m.c.i.embedder.EclipseLogger - Using platform encoding (UTF-8 actually) to copy filtered resources, i.e. build is platform dependent!
2018-10-27 17:28:19,629 [Worker-537] INFO  o.e.m.c.i.embedder.EclipseLogger - Copying 0 resource
2018-10-27 17:28:19,631 [Worker-537] WARN  o.e.m.c.i.embedder.EclipseLogger - Using platform encoding (UTF-8 actually) to copy filtered resources, i.e. build is platform dependent!
2018-10-27 17:28:19,632 [Worker-537] INFO  o.e.m.c.i.embedder.EclipseLogger - Copying 0 resource
2018-10-27 17:34:17,424 [main] INFO  o.e.m2e.actions.ExecutePomAction - Using existing launch configuration
2018-10-27 17:34:17,740 [Worker-539] INFO  o.e.m.i.launch.MavenLaunchDelegate - /home/cloudera/gender-statistics-analysis-jasonyunjoonpark/ProjectOne
2018-10-27 17:34:17,742 [Worker-539] INFO  o.e.m.i.launch.MavenLaunchDelegate -  mvn  -B clean package
